#! /usr/bin/vvp
:ivl_version "10.3 (stable)";
:ivl_delay_selection "TYPICAL";
:vpi_time_precision + 0;
:vpi_module "system";
:vpi_module "vhdl_sys";
:vpi_module "v2005_math";
:vpi_module "va_math";
S_0x557174fbd330 .scope module, "dual_port_ram_sync" "dual_port_ram_sync" 2 29;
 .timescale 0 0;
    .port_info 0 /INPUT 1 "clk"
    .port_info 1 /INPUT 1 "we"
    .port_info 2 /INPUT 6 "addr_a"
    .port_info 3 /INPUT 6 "addr_b"
    .port_info 4 /INPUT 8 "din_a"
    .port_info 5 /OUTPUT 8 "dout_a"
    .port_info 6 /OUTPUT 8 "dout_b"
P_0x557174eb9550 .param/l "ADDR_WIDTH" 0 2 31, +C4<00000000000000000000000000000110>;
P_0x557174eb9590 .param/l "DATA_WIDTH" 0 2 32, +C4<00000000000000000000000000001000>;
L_0x557174ef8d60 .functor BUFZ 8, L_0x5571750017d0, C4<00000000>, C4<00000000>, C4<00000000>;
L_0x557174ef8e50 .functor BUFZ 8, L_0x557175001a80, C4<00000000>, C4<00000000>, C4<00000000>;
v0x557174fbc760_0 .net *"_s0", 7 0, L_0x5571750017d0;  1 drivers
v0x557174fa71d0_0 .net *"_s10", 7 0, L_0x557175001b50;  1 drivers
L_0x7f6505e16060 .functor BUFT 1, C4<00>, C4<0>, C4<0>, C4<0>;
v0x557174fa7270_0 .net *"_s13", 1 0, L_0x7f6505e16060;  1 drivers
v0x557174fb3820_0 .net *"_s2", 7 0, L_0x5571750018c0;  1 drivers
L_0x7f6505e16018 .functor BUFT 1, C4<00>, C4<0>, C4<0>, C4<0>;
v0x557174fa20e0_0 .net *"_s5", 1 0, L_0x7f6505e16018;  1 drivers
v0x557174fa21b0_0 .net *"_s8", 7 0, L_0x557175001a80;  1 drivers
o0x7f6505e5f138 .functor BUFZ 6, C4<zzzzzz>; HiZ drive
v0x557174f992a0_0 .net "addr_a", 5 0, o0x7f6505e5f138;  0 drivers
o0x7f6505e5f168 .functor BUFZ 6, C4<zzzzzz>; HiZ drive
v0x557174fe8850_0 .net "addr_b", 5 0, o0x7f6505e5f168;  0 drivers
o0x7f6505e5f198 .functor BUFZ 1, C4<z>; HiZ drive
v0x557174fe8930_0 .net "clk", 0 0, o0x7f6505e5f198;  0 drivers
o0x7f6505e5f1c8 .functor BUFZ 8, C4<zzzzzzzz>; HiZ drive
v0x557174fe89f0_0 .net "din_a", 7 0, o0x7f6505e5f1c8;  0 drivers
v0x557174fe8ad0_0 .net "dout_a", 7 0, L_0x557174ef8d60;  1 drivers
v0x557174fe8bb0_0 .net "dout_b", 7 0, L_0x557174ef8e50;  1 drivers
v0x557174fe8c90_0 .var "q_addr_a", 5 0;
v0x557174fe8d70_0 .var "q_addr_b", 5 0;
v0x557174fe8e50 .array "ram", 0 63, 7 0;
o0x7f6505e5f2b8 .functor BUFZ 1, C4<z>; HiZ drive
v0x557174fe8f10_0 .net "we", 0 0, o0x7f6505e5f2b8;  0 drivers
E_0x557174ebcad0 .event posedge, v0x557174fe8930_0;
L_0x5571750017d0 .array/port v0x557174fe8e50, L_0x5571750018c0;
L_0x5571750018c0 .concat [ 6 2 0 0], v0x557174fe8c90_0, L_0x7f6505e16018;
L_0x557175001a80 .array/port v0x557174fe8e50, L_0x557175001b50;
L_0x557175001b50 .concat [ 6 2 0 0], v0x557174fe8d70_0, L_0x7f6505e16060;
S_0x557174f95570 .scope module, "inst_fetch" "inst_fetch" 3 3;
 .timescale 0 0;
    .port_info 0 /INPUT 1 "clk"
    .port_info 1 /INPUT 1 "rst"
    .port_info 2 /INPUT 1 "rdy"
    .port_info 3 /OUTPUT 1 "pc_send_enable"
    .port_info 4 /OUTPUT 32 "pc_to_ic"
    .port_info 5 /INPUT 1 "inst_get_ready"
    .port_info 6 /INPUT 32 "inst_from_ic"
    .port_info 7 /OUTPUT 1 "inst_send_enable"
    .port_info 8 /OUTPUT 32 "inst_to_dec"
    .port_info 9 /INPUT 1 "jump_flag"
    .port_info 10 /INPUT 32 "target_pc"
o0x7f6505e5f438 .functor BUFZ 1, C4<z>; HiZ drive
v0x557174fe90f0_0 .net "clk", 0 0, o0x7f6505e5f438;  0 drivers
o0x7f6505e5f468 .functor BUFZ 32, C4<zzzzzzzzzzzzzzzzzzzzzzzzzzzzzzzz>; HiZ drive
v0x557174fe91d0_0 .net "inst_from_ic", 31 0, o0x7f6505e5f468;  0 drivers
o0x7f6505e5f498 .functor BUFZ 1, C4<z>; HiZ drive
v0x557174fe92b0_0 .net "inst_get_ready", 0 0, o0x7f6505e5f498;  0 drivers
v0x557174fe9350_0 .var "inst_send_enable", 0 0;
v0x557174fe9410_0 .var "inst_to_dec", 31 0;
v0x557174fe94f0_0 .var "isBusy", 0 0;
o0x7f6505e5f558 .functor BUFZ 1, C4<z>; HiZ drive
v0x557174fe95b0_0 .net "jump_flag", 0 0, o0x7f6505e5f558;  0 drivers
v0x557174fe9670_0 .var "pc_send_enable", 0 0;
v0x557174fe9730_0 .var "pc_to_ic", 31 0;
o0x7f6505e5f5e8 .functor BUFZ 1, C4<z>; HiZ drive
v0x557174fe9810_0 .net "rdy", 0 0, o0x7f6505e5f5e8;  0 drivers
o0x7f6505e5f618 .functor BUFZ 1, C4<z>; HiZ drive
v0x557174fe98d0_0 .net "rst", 0 0, o0x7f6505e5f618;  0 drivers
o0x7f6505e5f648 .functor BUFZ 32, C4<zzzzzzzzzzzzzzzzzzzzzzzzzzzzzzzz>; HiZ drive
v0x557174fe9990_0 .net "target_pc", 31 0, o0x7f6505e5f648;  0 drivers
E_0x557174ef2180 .event posedge, v0x557174fe90f0_0;
S_0x557174f96ce0 .scope module, "riscv_top" "riscv_top" 4 4;
 .timescale 0 0;
    .port_info 0 /INPUT 1 "EXCLK"
    .port_info 1 /INPUT 1 "btnC"
    .port_info 2 /OUTPUT 1 "Tx"
    .port_info 3 /INPUT 1 "Rx"
    .port_info 4 /OUTPUT 1 "led"
P_0x557174f8f820 .param/l "RAM_ADDR_WIDTH" 1 4 18, +C4<00000000000000000000000000010001>;
P_0x557174f8f860 .param/l "SIM" 0 4 6, +C4<00000000000000000000000000000000>;
P_0x557174f8f8a0 .param/l "SYS_CLK_FREQ" 1 4 16, +C4<00000101111101011110000100000000>;
P_0x557174f8f8e0 .param/l "UART_BAUD_RATE" 1 4 17, +C4<00000000000000011100001000000000>;
o0x7f6505e634e8 .functor BUFZ 1, C4<z>; HiZ drive
L_0x557174ef8a90 .functor BUFZ 1, o0x7f6505e634e8, C4<0>, C4<0>, C4<0>;
L_0x557174f38ba0 .functor NOT 1, L_0x55717501ab20, C4<0>, C4<0>, C4<0>;
L_0x557174f38cb0 .functor OR 1, v0x557175001600_0, v0x557174ffb9c0_0, C4<0>, C4<0>;
L_0x55717501a0f0 .functor BUFZ 1, L_0x55717501ab20, C4<0>, C4<0>, C4<0>;
L_0x55717501a200 .functor BUFZ 8, L_0x55717501ace0, C4<00000000>, C4<00000000>, C4<00000000>;
L_0x7f6505e16a80 .functor BUFT 1, C4<11111111111111111111111111111111>, C4<0>, C4<0>, C4<0>;
L_0x55717501a3f0 .functor AND 32, L_0x55717501a2c0, L_0x7f6505e16a80, C4<11111111111111111111111111111111>, C4<11111111111111111111111111111111>;
L_0x55717501a5f0 .functor BUFZ 1, L_0x55717501a500, C4<0>, C4<0>, C4<0>;
L_0x55717501a8e0 .functor BUFZ 8, L_0x5571750022b0, C4<00000000>, C4<00000000>, C4<00000000>;
v0x557174ffeb90_0 .net "EXCLK", 0 0, o0x7f6505e634e8;  0 drivers
o0x7f6505e60b48 .functor BUFZ 1, C4<z>; HiZ drive
v0x557174ffec70_0 .net "Rx", 0 0, o0x7f6505e60b48;  0 drivers
v0x557174ffed30_0 .net "Tx", 0 0, L_0x5571750159d0;  1 drivers
L_0x7f6505e161c8 .functor BUFT 1, C4<0>, C4<0>, C4<0>, C4<0>;
v0x557174ffee00_0 .net/2u *"_s10", 0 0, L_0x7f6505e161c8;  1 drivers
L_0x7f6505e16210 .functor BUFT 1, C4<1>, C4<0>, C4<0>, C4<0>;
v0x557174ffeea0_0 .net/2u *"_s12", 0 0, L_0x7f6505e16210;  1 drivers
v0x557174ffef80_0 .net *"_s23", 1 0, L_0x557175019cb0;  1 drivers
L_0x7f6505e16960 .functor BUFT 1, C4<11>, C4<0>, C4<0>, C4<0>;
v0x557174fff060_0 .net/2u *"_s24", 1 0, L_0x7f6505e16960;  1 drivers
v0x557174fff140_0 .net *"_s26", 0 0, L_0x557175019e20;  1 drivers
L_0x7f6505e169a8 .functor BUFT 1, C4<1>, C4<0>, C4<0>, C4<0>;
v0x557174fff200_0 .net/2u *"_s28", 0 0, L_0x7f6505e169a8;  1 drivers
L_0x7f6505e169f0 .functor BUFT 1, C4<0>, C4<0>, C4<0>, C4<0>;
v0x557174fff370_0 .net/2u *"_s30", 0 0, L_0x7f6505e169f0;  1 drivers
v0x557174fff450_0 .net *"_s38", 31 0, L_0x55717501a2c0;  1 drivers
L_0x7f6505e16a38 .functor BUFT 1, C4<0000000000000000000000000000000>, C4<0>, C4<0>, C4<0>;
v0x557174fff530_0 .net *"_s41", 30 0, L_0x7f6505e16a38;  1 drivers
v0x557174fff610_0 .net/2u *"_s42", 31 0, L_0x7f6505e16a80;  1 drivers
v0x557174fff6f0_0 .net *"_s44", 31 0, L_0x55717501a3f0;  1 drivers
v0x557174fff7d0_0 .net *"_s5", 1 0, L_0x557175002440;  1 drivers
L_0x7f6505e16ac8 .functor BUFT 1, C4<0>, C4<0>, C4<0>, C4<0>;
v0x557174fff8b0_0 .net/2u *"_s50", 0 0, L_0x7f6505e16ac8;  1 drivers
L_0x7f6505e16b10 .functor BUFT 1, C4<1>, C4<0>, C4<0>, C4<0>;
v0x557174fff990_0 .net/2u *"_s52", 0 0, L_0x7f6505e16b10;  1 drivers
v0x557174fffa70_0 .net *"_s56", 31 0, L_0x55717501a840;  1 drivers
L_0x7f6505e16b58 .functor BUFT 1, C4<000000000000000>, C4<0>, C4<0>, C4<0>;
v0x557174fffb50_0 .net *"_s59", 14 0, L_0x7f6505e16b58;  1 drivers
L_0x7f6505e16180 .functor BUFT 1, C4<11>, C4<0>, C4<0>, C4<0>;
v0x557174fffc30_0 .net/2u *"_s6", 1 0, L_0x7f6505e16180;  1 drivers
v0x557174fffd10_0 .net *"_s8", 0 0, L_0x5571750024e0;  1 drivers
o0x7f6505e63878 .functor BUFZ 1, C4<z>; HiZ drive
v0x557174fffdd0_0 .net "btnC", 0 0, o0x7f6505e63878;  0 drivers
v0x557174fffe90_0 .net "clk", 0 0, L_0x557174ef8a90;  1 drivers
o0x7f6505e5f8b8 .functor BUFZ 32, C4<zzzzzzzzzzzzzzzzzzzzzzzzzzzzzzzz>; HiZ drive
v0x557174ffff30_0 .net "cpu_dbgreg_dout", 31 0, o0x7f6505e5f8b8;  0 drivers
o0x7f6505e5f918 .functor BUFZ 32, C4<zzzzzzzzzzzzzzzzzzzzzzzzzzzzzzzz>; HiZ drive
v0x557174fffff0_0 .net "cpu_ram_a", 31 0, o0x7f6505e5f918;  0 drivers
v0x5571750000b0_0 .net "cpu_ram_din", 7 0, L_0x55717501ae10;  1 drivers
o0x7f6505e5f978 .functor BUFZ 8, C4<zzzzzzzz>; HiZ drive
v0x557175000150_0 .net "cpu_ram_dout", 7 0, o0x7f6505e5f978;  0 drivers
o0x7f6505e5f9a8 .functor BUFZ 1, C4<z>; HiZ drive
v0x557175000220_0 .net "cpu_ram_wr", 0 0, o0x7f6505e5f9a8;  0 drivers
v0x5571750002f0_0 .net "cpu_rdy", 0 0, L_0x55717501a6b0;  1 drivers
v0x5571750003c0_0 .net "cpumc_a", 31 0, L_0x55717501a9a0;  1 drivers
v0x557175000460_0 .net "cpumc_din", 7 0, L_0x55717501ace0;  1 drivers
v0x557175000550_0 .net "cpumc_wr", 0 0, L_0x55717501ab20;  1 drivers
v0x557175000610_0 .net "hci_active", 0 0, L_0x55717501a500;  1 drivers
v0x5571750008e0_0 .net "hci_active_out", 0 0, L_0x5571750198c0;  1 drivers
v0x557175000980_0 .net "hci_io_din", 7 0, L_0x55717501a200;  1 drivers
v0x557175000a50_0 .net "hci_io_dout", 7 0, v0x557174ffc0b0_0;  1 drivers
v0x557175000b20_0 .net "hci_io_en", 0 0, L_0x557175019f10;  1 drivers
v0x557175000bf0_0 .net "hci_io_full", 0 0, L_0x5571750028d0;  1 drivers
v0x557175000ce0_0 .net "hci_io_sel", 2 0, L_0x557175019bc0;  1 drivers
v0x557175000d80_0 .net "hci_io_wr", 0 0, L_0x55717501a0f0;  1 drivers
v0x557175000e50_0 .net "hci_ram_a", 16 0, v0x557174ffba60_0;  1 drivers
v0x557175000f20_0 .net "hci_ram_din", 7 0, L_0x55717501a8e0;  1 drivers
v0x557175000ff0_0 .net "hci_ram_dout", 7 0, L_0x5571750199d0;  1 drivers
v0x5571750010c0_0 .net "hci_ram_wr", 0 0, v0x557174ffc900_0;  1 drivers
v0x557175001190_0 .net "led", 0 0, L_0x55717501a5f0;  1 drivers
v0x557175001230_0 .net "program_finish", 0 0, v0x557174ffb9c0_0;  1 drivers
v0x557175001300_0 .var "q_hci_io_en", 0 0;
v0x5571750013a0_0 .net "ram_a", 16 0, L_0x557175002760;  1 drivers
v0x557175001490_0 .net "ram_dout", 7 0, L_0x5571750022b0;  1 drivers
v0x557175001530_0 .net "ram_en", 0 0, L_0x557175002620;  1 drivers
v0x557175001600_0 .var "rst", 0 0;
v0x5571750016a0_0 .var "rst_delay", 0 0;
E_0x557174ebab90 .event posedge, v0x557174fffdd0_0, v0x557174fe9d50_0;
L_0x557175002440 .part L_0x55717501a9a0, 16, 2;
L_0x5571750024e0 .cmp/eq 2, L_0x557175002440, L_0x7f6505e16180;
L_0x557175002620 .functor MUXZ 1, L_0x7f6505e16210, L_0x7f6505e161c8, L_0x5571750024e0, C4<>;
L_0x557175002760 .part L_0x55717501a9a0, 0, 17;
L_0x557175019bc0 .part L_0x55717501a9a0, 0, 3;
L_0x557175019cb0 .part L_0x55717501a9a0, 16, 2;
L_0x557175019e20 .cmp/eq 2, L_0x557175019cb0, L_0x7f6505e16960;
L_0x557175019f10 .functor MUXZ 1, L_0x7f6505e169f0, L_0x7f6505e169a8, L_0x557175019e20, C4<>;
L_0x55717501a2c0 .concat [ 1 31 0 0], L_0x5571750198c0, L_0x7f6505e16a38;
L_0x55717501a500 .part L_0x55717501a3f0, 0, 1;
L_0x55717501a6b0 .functor MUXZ 1, L_0x7f6505e16b10, L_0x7f6505e16ac8, L_0x55717501a500, C4<>;
L_0x55717501a840 .concat [ 17 15 0 0], v0x557174ffba60_0, L_0x7f6505e16b58;
L_0x55717501a9a0 .functor MUXZ 32, o0x7f6505e5f918, L_0x55717501a840, L_0x55717501a500, C4<>;
L_0x55717501ab20 .functor MUXZ 1, o0x7f6505e5f9a8, v0x557174ffc900_0, L_0x55717501a500, C4<>;
L_0x55717501ace0 .functor MUXZ 8, o0x7f6505e5f978, L_0x5571750199d0, L_0x55717501a500, C4<>;
L_0x55717501ae10 .functor MUXZ 8, L_0x5571750022b0, v0x557174ffc0b0_0, v0x557175001300_0, C4<>;
S_0x557174f91170 .scope module, "cpu0" "cpu" 4 100, 5 4 0, S_0x557174f96ce0;
 .timescale 0 0;
    .port_info 0 /INPUT 1 "clk_in"
    .port_info 1 /INPUT 1 "rst_in"
    .port_info 2 /INPUT 1 "rdy_in"
    .port_info 3 /INPUT 8 "mem_din"
    .port_info 4 /OUTPUT 8 "mem_dout"
    .port_info 5 /OUTPUT 32 "mem_a"
    .port_info 6 /OUTPUT 1 "mem_wr"
    .port_info 7 /INPUT 1 "io_buffer_full"
    .port_info 8 /OUTPUT 32 "dbgreg_dout"
v0x557174fe9d50_0 .net "clk_in", 0 0, L_0x557174ef8a90;  alias, 1 drivers
v0x557174fe9e30_0 .net "dbgreg_dout", 31 0, o0x7f6505e5f8b8;  alias, 0 drivers
v0x557174fe9f10_0 .net "io_buffer_full", 0 0, L_0x5571750028d0;  alias, 1 drivers
v0x557174fe9fb0_0 .net "mem_a", 31 0, o0x7f6505e5f918;  alias, 0 drivers
v0x557174fea090_0 .net "mem_din", 7 0, L_0x55717501ae10;  alias, 1 drivers
v0x557174fea1c0_0 .net "mem_dout", 7 0, o0x7f6505e5f978;  alias, 0 drivers
v0x557174fea2a0_0 .net "mem_wr", 0 0, o0x7f6505e5f9a8;  alias, 0 drivers
v0x557174fea360_0 .net "rdy_in", 0 0, L_0x55717501a6b0;  alias, 1 drivers
v0x557174fea420_0 .net "rst_in", 0 0, L_0x557174f38cb0;  1 drivers
E_0x557174fd69b0 .event posedge, v0x557174fe9d50_0;
S_0x557174fafb10 .scope module, "hci0" "hci" 4 117, 6 30 0, S_0x557174f96ce0;
 .timescale 0 0;
    .port_info 0 /INPUT 1 "clk"
    .port_info 1 /INPUT 1 "rst"
    .port_info 2 /OUTPUT 1 "tx"
    .port_info 3 /INPUT 1 "rx"
    .port_info 4 /OUTPUT 1 "active"
    .port_info 5 /OUTPUT 1 "ram_wr"
    .port_info 6 /OUTPUT 17 "ram_a"
    .port_info 7 /INPUT 8 "ram_din"
    .port_info 8 /OUTPUT 8 "ram_dout"
    .port_info 9 /INPUT 3 "io_sel"
    .port_info 10 /INPUT 1 "io_en"
    .port_info 11 /INPUT 8 "io_din"
    .port_info 12 /OUTPUT 8 "io_dout"
    .port_info 13 /INPUT 1 "io_wr"
    .port_info 14 /OUTPUT 1 "io_full"
    .port_info 15 /OUTPUT 1 "program_finish"
    .port_info 16 /INPUT 32 "cpu_dbgreg_din"
P_0x557174fea620 .param/l "BAUD_RATE" 0 6 34, +C4<00000000000000011100001000000000>;
P_0x557174fea660 .param/l "DBG_UART_PARITY_ERR" 1 6 72, +C4<00000000000000000000000000000000>;
P_0x557174fea6a0 .param/l "DBG_UNKNOWN_OPCODE" 1 6 73, +C4<00000000000000000000000000000001>;
P_0x557174fea6e0 .param/l "IO_IN_BUF_WIDTH" 1 6 111, +C4<00000000000000000000000000001010>;
P_0x557174fea720 .param/l "OP_CPU_REG_RD" 1 6 60, C4<00000001>;
P_0x557174fea760 .param/l "OP_CPU_REG_WR" 1 6 61, C4<00000010>;
P_0x557174fea7a0 .param/l "OP_DBG_BRK" 1 6 62, C4<00000011>;
P_0x557174fea7e0 .param/l "OP_DBG_RUN" 1 6 63, C4<00000100>;
P_0x557174fea820 .param/l "OP_DISABLE" 1 6 69, C4<00001011>;
P_0x557174fea860 .param/l "OP_ECHO" 1 6 59, C4<00000000>;
P_0x557174fea8a0 .param/l "OP_IO_IN" 1 6 64, C4<00000101>;
P_0x557174fea8e0 .param/l "OP_MEM_RD" 1 6 67, C4<00001001>;
P_0x557174fea920 .param/l "OP_MEM_WR" 1 6 68, C4<00001010>;
P_0x557174fea960 .param/l "OP_QUERY_DBG_BRK" 1 6 65, C4<00000111>;
P_0x557174fea9a0 .param/l "OP_QUERY_ERR_CODE" 1 6 66, C4<00001000>;
P_0x557174fea9e0 .param/l "RAM_ADDR_WIDTH" 0 6 33, +C4<00000000000000000000000000010001>;
P_0x557174feaa20 .param/l "SYS_CLK_FREQ" 0 6 32, +C4<00000101111101011110000100000000>;
P_0x557174feaa60 .param/l "S_CPU_REG_RD_STG0" 1 6 82, C4<00110>;
P_0x557174feaaa0 .param/l "S_CPU_REG_RD_STG1" 1 6 83, C4<00111>;
P_0x557174feaae0 .param/l "S_DECODE" 1 6 77, C4<00001>;
P_0x557174feab20 .param/l "S_DISABLE" 1 6 89, C4<10000>;
P_0x557174feab60 .param/l "S_DISABLED" 1 6 76, C4<00000>;
P_0x557174feaba0 .param/l "S_ECHO_STG_0" 1 6 78, C4<00010>;
P_0x557174feabe0 .param/l "S_ECHO_STG_1" 1 6 79, C4<00011>;
P_0x557174feac20 .param/l "S_IO_IN_STG_0" 1 6 80, C4<00100>;
P_0x557174feac60 .param/l "S_IO_IN_STG_1" 1 6 81, C4<00101>;
P_0x557174feaca0 .param/l "S_MEM_RD_STG_0" 1 6 85, C4<01001>;
P_0x557174feace0 .param/l "S_MEM_RD_STG_1" 1 6 86, C4<01010>;
P_0x557174fead20 .param/l "S_MEM_WR_STG_0" 1 6 87, C4<01011>;
P_0x557174fead60 .param/l "S_MEM_WR_STG_1" 1 6 88, C4<01100>;
P_0x557174feada0 .param/l "S_QUERY_ERR_CODE" 1 6 84, C4<01000>;
L_0x5571750028d0 .functor BUFZ 1, L_0x557175019540, C4<0>, C4<0>, C4<0>;
L_0x5571750199d0 .functor BUFZ 8, L_0x5571750177d0, C4<00000000>, C4<00000000>, C4<00000000>;
L_0x7f6505e163c0 .functor BUFT 1, C4<00000000000000000000000000000001>, C4<0>, C4<0>, C4<0>;
v0x557174ff9e50_0 .net/2u *"_s14", 31 0, L_0x7f6505e163c0;  1 drivers
v0x557174ff9f50_0 .net *"_s16", 31 0, L_0x557175014a50;  1 drivers
L_0x7f6505e16918 .functor BUFT 1, C4<00000>, C4<0>, C4<0>, C4<0>;
v0x557174ffa030_0 .net/2u *"_s20", 4 0, L_0x7f6505e16918;  1 drivers
v0x557174ffa120_0 .net "active", 0 0, L_0x5571750198c0;  alias, 1 drivers
v0x557174ffa1e0_0 .net "clk", 0 0, L_0x557174ef8a90;  alias, 1 drivers
v0x557174ffa3e0_0 .net "cpu_dbgreg_din", 31 0, o0x7f6505e5f8b8;  alias, 0 drivers
v0x557174ffa4a0 .array "cpu_dbgreg_seg", 0 3;
v0x557174ffa4a0_0 .net v0x557174ffa4a0 0, 7 0, L_0x557175014980; 1 drivers
v0x557174ffa4a0_1 .net v0x557174ffa4a0 1, 7 0, L_0x5571750148e0; 1 drivers
v0x557174ffa4a0_2 .net v0x557174ffa4a0 2, 7 0, L_0x5571750147b0; 1 drivers
v0x557174ffa4a0_3 .net v0x557174ffa4a0 3, 7 0, L_0x557175014710; 1 drivers
v0x557174ffa5f0_0 .var "d_addr", 16 0;
v0x557174ffa6d0_0 .net "d_cpu_cycle_cnt", 31 0, L_0x557175014b60;  1 drivers
v0x557174ffa7b0_0 .var "d_decode_cnt", 2 0;
v0x557174ffa890_0 .var "d_err_code", 1 0;
v0x557174ffa970_0 .var "d_execute_cnt", 16 0;
v0x557174ffaa50_0 .var "d_io_dout", 7 0;
v0x557174ffab30_0 .var "d_io_in_wr_data", 7 0;
v0x557174ffac10_0 .var "d_io_in_wr_en", 0 0;
v0x557174ffacd0_0 .var "d_program_finish", 0 0;
v0x557174ffad90_0 .var "d_state", 4 0;
v0x557174ffaf80_0 .var "d_tx_data", 7 0;
v0x557174ffb060_0 .var "d_wr_en", 0 0;
v0x557174ffb120_0 .net "io_din", 7 0, L_0x55717501a200;  alias, 1 drivers
v0x557174ffb200_0 .net "io_dout", 7 0, v0x557174ffc0b0_0;  alias, 1 drivers
v0x557174ffb2e0_0 .net "io_en", 0 0, L_0x557175019f10;  alias, 1 drivers
v0x557174ffb3a0_0 .net "io_full", 0 0, L_0x5571750028d0;  alias, 1 drivers
v0x557174ffb470_0 .net "io_in_empty", 0 0, L_0x5571750146a0;  1 drivers
v0x557174ffb540_0 .net "io_in_full", 0 0, L_0x557175014580;  1 drivers
v0x557174ffb610_0 .net "io_in_rd_data", 7 0, L_0x557175014470;  1 drivers
v0x557174ffb6e0_0 .var "io_in_rd_en", 0 0;
v0x557174ffb7b0_0 .net "io_sel", 2 0, L_0x557175019bc0;  alias, 1 drivers
v0x557174ffb850_0 .net "io_wr", 0 0, L_0x55717501a0f0;  alias, 1 drivers
v0x557174ffb8f0_0 .net "parity_err", 0 0, L_0x557175014af0;  1 drivers
v0x557174ffb9c0_0 .var "program_finish", 0 0;
v0x557174ffba60_0 .var "q_addr", 16 0;
v0x557174ffbb20_0 .var "q_cpu_cycle_cnt", 31 0;
v0x557174ffbe10_0 .var "q_decode_cnt", 2 0;
v0x557174ffbef0_0 .var "q_err_code", 1 0;
v0x557174ffbfd0_0 .var "q_execute_cnt", 16 0;
v0x557174ffc0b0_0 .var "q_io_dout", 7 0;
v0x557174ffc190_0 .var "q_io_en", 0 0;
v0x557174ffc250_0 .var "q_io_in_wr_data", 7 0;
v0x557174ffc340_0 .var "q_io_in_wr_en", 0 0;
v0x557174ffc410_0 .var "q_state", 4 0;
v0x557174ffc4b0_0 .var "q_tx_data", 7 0;
v0x557174ffc570_0 .var "q_wr_en", 0 0;
v0x557174ffc660_0 .net "ram_a", 16 0, v0x557174ffba60_0;  alias, 1 drivers
v0x557174ffc740_0 .net "ram_din", 7 0, L_0x55717501a8e0;  alias, 1 drivers
v0x557174ffc820_0 .net "ram_dout", 7 0, L_0x5571750199d0;  alias, 1 drivers
v0x557174ffc900_0 .var "ram_wr", 0 0;
v0x557174ffc9c0_0 .net "rd_data", 7 0, L_0x5571750177d0;  1 drivers
v0x557174ffcad0_0 .var "rd_en", 0 0;
v0x557174ffcbc0_0 .net "rst", 0 0, v0x557175001600_0;  1 drivers
v0x557174ffcc60_0 .net "rx", 0 0, o0x7f6505e60b48;  alias, 0 drivers
v0x557174ffcd50_0 .net "rx_empty", 0 0, L_0x557175017960;  1 drivers
v0x557174ffce40_0 .net "tx", 0 0, L_0x5571750159d0;  alias, 1 drivers
v0x557174ffcf30_0 .net "tx_full", 0 0, L_0x557175019540;  1 drivers
E_0x557174fd6ac0/0 .event edge, v0x557174ffc410_0, v0x557174ffbe10_0, v0x557174ffbfd0_0, v0x557174ffba60_0;
E_0x557174fd6ac0/1 .event edge, v0x557174ffbef0_0, v0x557174ff9110_0, v0x557174ffc190_0, v0x557174ffb2e0_0;
E_0x557174fd6ac0/2 .event edge, v0x557174ffb850_0, v0x557174ffb7b0_0, v0x557174ff81e0_0, v0x557174ffb120_0;
E_0x557174fd6ac0/3 .event edge, v0x557174fed960_0, v0x557174ff3a10_0, v0x557174feda20_0, v0x557174ff41a0_0;
E_0x557174fd6ac0/4 .event edge, v0x557174ffa970_0, v0x557174ffa4a0_0, v0x557174ffa4a0_1, v0x557174ffa4a0_2;
E_0x557174fd6ac0/5 .event edge, v0x557174ffa4a0_3, v0x557174ffc740_0;
E_0x557174fd6ac0 .event/or E_0x557174fd6ac0/0, E_0x557174fd6ac0/1, E_0x557174fd6ac0/2, E_0x557174fd6ac0/3, E_0x557174fd6ac0/4, E_0x557174fd6ac0/5;
E_0x557174febd50/0 .event edge, v0x557174ffb2e0_0, v0x557174ffb850_0, v0x557174ffb7b0_0, v0x557174fee0f0_0;
E_0x557174febd50/1 .event edge, v0x557174ffbb20_0;
E_0x557174febd50 .event/or E_0x557174febd50/0, E_0x557174febd50/1;
L_0x557175014710 .part o0x7f6505e5f8b8, 24, 8;
L_0x5571750147b0 .part o0x7f6505e5f8b8, 16, 8;
L_0x5571750148e0 .part o0x7f6505e5f8b8, 8, 8;
L_0x557175014980 .part o0x7f6505e5f8b8, 0, 8;
L_0x557175014a50 .arith/sum 32, v0x557174ffbb20_0, L_0x7f6505e163c0;
L_0x557175014b60 .functor MUXZ 32, L_0x557175014a50, v0x557174ffbb20_0, L_0x5571750198c0, C4<>;
L_0x5571750198c0 .cmp/ne 5, v0x557174ffc410_0, L_0x7f6505e16918;
S_0x557174fb1280 .scope module, "io_in_fifo" "fifo" 6 123, 7 27 0, S_0x557174fafb10;
 .timescale 0 0;
    .port_info 0 /INPUT 1 "clk"
    .port_info 1 /INPUT 1 "reset"
    .port_info 2 /INPUT 1 "rd_en"
    .port_info 3 /INPUT 1 "wr_en"
    .port_info 4 /INPUT 8 "wr_data"
    .port_info 5 /OUTPUT 8 "rd_data"
    .port_info 6 /OUTPUT 1 "full"
    .port_info 7 /OUTPUT 1 "empty"
P_0x557174f4d090 .param/l "ADDR_BITS" 0 7 30, +C4<00000000000000000000000000001010>;
P_0x557174f4d0d0 .param/l "DATA_BITS" 0 7 29, +C4<00000000000000000000000000001000>;
L_0x5571750029e0 .functor AND 1, v0x557174ffb6e0_0, L_0x557175002940, C4<1>, C4<1>;
L_0x557175002b90 .functor AND 1, v0x557174ffc340_0, L_0x557175002af0, C4<1>, C4<1>;
L_0x557175012d50 .functor AND 1, v0x557174fedba0_0, L_0x5571750135b0, C4<1>, C4<1>;
L_0x5571750137e0 .functor AND 1, L_0x5571750138e0, L_0x5571750029e0, C4<1>, C4<1>;
L_0x557175013ac0 .functor OR 1, L_0x557175012d50, L_0x5571750137e0, C4<0>, C4<0>;
L_0x557175013d00 .functor AND 1, v0x557174fede70_0, L_0x557175013bd0, C4<1>, C4<1>;
L_0x5571750139d0 .functor AND 1, L_0x557175014020, L_0x557175002b90, C4<1>, C4<1>;
L_0x557175013ea0 .functor OR 1, L_0x557175013d00, L_0x5571750139d0, C4<0>, C4<0>;
L_0x557175014470 .functor BUFZ 8, L_0x557175014200, C4<00000000>, C4<00000000>, C4<00000000>;
L_0x557175014580 .functor BUFZ 1, v0x557174fede70_0, C4<0>, C4<0>, C4<0>;
L_0x5571750146a0 .functor BUFZ 1, v0x557174fedba0_0, C4<0>, C4<0>, C4<0>;
v0x557174fec050_0 .net *"_s1", 0 0, L_0x557175002940;  1 drivers
v0x557174fec130_0 .net *"_s10", 9 0, L_0x557175012cb0;  1 drivers
v0x557174fec210_0 .net *"_s14", 7 0, L_0x557175012f80;  1 drivers
v0x557174fec300_0 .net *"_s16", 11 0, L_0x557175013020;  1 drivers
L_0x7f6505e162a0 .functor BUFT 1, C4<00>, C4<0>, C4<0>, C4<0>;
v0x557174fec3e0_0 .net *"_s19", 1 0, L_0x7f6505e162a0;  1 drivers
L_0x7f6505e162e8 .functor BUFT 1, C4<0000000001>, C4<0>, C4<0>, C4<0>;
v0x557174fec510_0 .net/2u *"_s22", 9 0, L_0x7f6505e162e8;  1 drivers
v0x557174fec5f0_0 .net *"_s24", 9 0, L_0x5571750132e0;  1 drivers
v0x557174fec6d0_0 .net *"_s31", 0 0, L_0x5571750135b0;  1 drivers
v0x557174fec790_0 .net *"_s32", 0 0, L_0x557175012d50;  1 drivers
v0x557174fec850_0 .net *"_s34", 9 0, L_0x557175013740;  1 drivers
v0x557174fec930_0 .net *"_s36", 0 0, L_0x5571750138e0;  1 drivers
v0x557174fec9f0_0 .net *"_s38", 0 0, L_0x5571750137e0;  1 drivers
v0x557174fecab0_0 .net *"_s43", 0 0, L_0x557175013bd0;  1 drivers
v0x557174fecb70_0 .net *"_s44", 0 0, L_0x557175013d00;  1 drivers
v0x557174fecc30_0 .net *"_s46", 9 0, L_0x557175013e00;  1 drivers
v0x557174fecd10_0 .net *"_s48", 0 0, L_0x557175014020;  1 drivers
v0x557174fecdd0_0 .net *"_s5", 0 0, L_0x557175002af0;  1 drivers
v0x557174fecfa0_0 .net *"_s50", 0 0, L_0x5571750139d0;  1 drivers
v0x557174fed060_0 .net *"_s54", 7 0, L_0x557175014200;  1 drivers
v0x557174fed140_0 .net *"_s56", 11 0, L_0x557175014330;  1 drivers
L_0x7f6505e16378 .functor BUFT 1, C4<00>, C4<0>, C4<0>, C4<0>;
v0x557174fed220_0 .net *"_s59", 1 0, L_0x7f6505e16378;  1 drivers
L_0x7f6505e16258 .functor BUFT 1, C4<0000000001>, C4<0>, C4<0>, C4<0>;
v0x557174fed300_0 .net/2u *"_s8", 9 0, L_0x7f6505e16258;  1 drivers
L_0x7f6505e16330 .functor BUFT 1, C4<0000000001>, C4<0>, C4<0>, C4<0>;
v0x557174fed3e0_0 .net "addr_bits_wide_1", 9 0, L_0x7f6505e16330;  1 drivers
v0x557174fed4c0_0 .net "clk", 0 0, L_0x557174ef8a90;  alias, 1 drivers
v0x557174fed560_0 .net "d_data", 7 0, L_0x5571750131a0;  1 drivers
v0x557174fed620_0 .net "d_empty", 0 0, L_0x557175013ac0;  1 drivers
v0x557174fed6e0_0 .net "d_full", 0 0, L_0x557175013ea0;  1 drivers
v0x557174fed7a0_0 .net "d_rd_ptr", 9 0, L_0x557175013420;  1 drivers
v0x557174fed880_0 .net "d_wr_ptr", 9 0, L_0x557175012dc0;  1 drivers
v0x557174fed960_0 .net "empty", 0 0, L_0x5571750146a0;  alias, 1 drivers
v0x557174feda20_0 .net "full", 0 0, L_0x557175014580;  alias, 1 drivers
v0x557174fedae0 .array "q_data_array", 0 1023, 7 0;
v0x557174fedba0_0 .var "q_empty", 0 0;
v0x557174fede70_0 .var "q_full", 0 0;
v0x557174fedf30_0 .var "q_rd_ptr", 9 0;
v0x557174fee010_0 .var "q_wr_ptr", 9 0;
v0x557174fee0f0_0 .net "rd_data", 7 0, L_0x557175014470;  alias, 1 drivers
v0x557174fee1d0_0 .net "rd_en", 0 0, v0x557174ffb6e0_0;  1 drivers
v0x557174fee290_0 .net "rd_en_prot", 0 0, L_0x5571750029e0;  1 drivers
v0x557174fee350_0 .net "reset", 0 0, v0x557175001600_0;  alias, 1 drivers
v0x557174fee410_0 .net "wr_data", 7 0, v0x557174ffc250_0;  1 drivers
v0x557174fee4f0_0 .net "wr_en", 0 0, v0x557174ffc340_0;  1 drivers
v0x557174fee5b0_0 .net "wr_en_prot", 0 0, L_0x557175002b90;  1 drivers
L_0x557175002940 .reduce/nor v0x557174fedba0_0;
L_0x557175002af0 .reduce/nor v0x557174fede70_0;
L_0x557175012cb0 .arith/sum 10, v0x557174fee010_0, L_0x7f6505e16258;
L_0x557175012dc0 .functor MUXZ 10, v0x557174fee010_0, L_0x557175012cb0, L_0x557175002b90, C4<>;
L_0x557175012f80 .array/port v0x557174fedae0, L_0x557175013020;
L_0x557175013020 .concat [ 10 2 0 0], v0x557174fee010_0, L_0x7f6505e162a0;
L_0x5571750131a0 .functor MUXZ 8, L_0x557175012f80, v0x557174ffc250_0, L_0x557175002b90, C4<>;
L_0x5571750132e0 .arith/sum 10, v0x557174fedf30_0, L_0x7f6505e162e8;
L_0x557175013420 .functor MUXZ 10, v0x557174fedf30_0, L_0x5571750132e0, L_0x5571750029e0, C4<>;
L_0x5571750135b0 .reduce/nor L_0x557175002b90;
L_0x557175013740 .arith/sub 10, v0x557174fee010_0, v0x557174fedf30_0;
L_0x5571750138e0 .cmp/eq 10, L_0x557175013740, L_0x7f6505e16330;
L_0x557175013bd0 .reduce/nor L_0x5571750029e0;
L_0x557175013e00 .arith/sub 10, v0x557174fedf30_0, v0x557174fee010_0;
L_0x557175014020 .cmp/eq 10, L_0x557175013e00, L_0x7f6505e16330;
L_0x557175014200 .array/port v0x557174fedae0, L_0x557175014330;
L_0x557175014330 .concat [ 10 2 0 0], v0x557174fedf30_0, L_0x7f6505e16378;
S_0x557174fb8a30 .scope module, "uart_blk" "uart" 6 190, 8 28 0, S_0x557174fafb10;
 .timescale 0 0;
    .port_info 0 /INPUT 1 "clk"
    .port_info 1 /INPUT 1 "reset"
    .port_info 2 /INPUT 1 "rx"
    .port_info 3 /INPUT 8 "tx_data"
    .port_info 4 /INPUT 1 "rd_en"
    .port_info 5 /INPUT 1 "wr_en"
    .port_info 6 /OUTPUT 1 "tx"
    .port_info 7 /OUTPUT 8 "rx_data"
    .port_info 8 /OUTPUT 1 "rx_empty"
    .port_info 9 /OUTPUT 1 "tx_full"
    .port_info 10 /OUTPUT 1 "parity_err"
P_0x557174fee790 .param/l "BAUD_CLK_OVERSAMPLE_RATE" 1 8 50, +C4<00000000000000000000000000010000>;
P_0x557174fee7d0 .param/l "BAUD_RATE" 0 8 31, +C4<00000000000000011100001000000000>;
P_0x557174fee810 .param/l "DATA_BITS" 0 8 32, +C4<00000000000000000000000000001000>;
P_0x557174fee850 .param/l "PARITY_MODE" 0 8 34, +C4<00000000000000000000000000000001>;
P_0x557174fee890 .param/l "STOP_BITS" 0 8 33, +C4<00000000000000000000000000000001>;
P_0x557174fee8d0 .param/l "SYS_CLK_FREQ" 0 8 30, +C4<00000101111101011110000100000000>;
L_0x557175014af0 .functor BUFZ 1, v0x557174ff91b0_0, C4<0>, C4<0>, C4<0>;
L_0x557175014d80 .functor OR 1, v0x557174ff91b0_0, v0x557174ff15b0_0, C4<0>, C4<0>;
L_0x557175015b40 .functor NOT 1, L_0x557175019640, C4<0>, C4<0>, C4<0>;
v0x557174ff8ec0_0 .net "baud_clk_tick", 0 0, L_0x5571750157b0;  1 drivers
v0x557174ff8f80_0 .net "clk", 0 0, L_0x557174ef8a90;  alias, 1 drivers
v0x557174ff9040_0 .net "d_rx_parity_err", 0 0, L_0x557175014d80;  1 drivers
v0x557174ff9110_0 .net "parity_err", 0 0, L_0x557175014af0;  alias, 1 drivers
v0x557174ff91b0_0 .var "q_rx_parity_err", 0 0;
v0x557174ff9270_0 .net "rd_en", 0 0, v0x557174ffcad0_0;  1 drivers
v0x557174ff9310_0 .net "reset", 0 0, v0x557175001600_0;  alias, 1 drivers
v0x557174ff93b0_0 .net "rx", 0 0, o0x7f6505e60b48;  alias, 0 drivers
v0x557174ff9480_0 .net "rx_data", 7 0, L_0x5571750177d0;  alias, 1 drivers
v0x557174ff9550_0 .net "rx_done_tick", 0 0, v0x557174ff1410_0;  1 drivers
v0x557174ff95f0_0 .net "rx_empty", 0 0, L_0x557175017960;  alias, 1 drivers
v0x557174ff9690_0 .net "rx_fifo_wr_data", 7 0, v0x557174ff1250_0;  1 drivers
v0x557174ff9780_0 .net "rx_parity_err", 0 0, v0x557174ff15b0_0;  1 drivers
v0x557174ff9820_0 .net "tx", 0 0, L_0x5571750159d0;  alias, 1 drivers
v0x557174ff98f0_0 .net "tx_data", 7 0, v0x557174ffc4b0_0;  1 drivers
v0x557174ff99c0_0 .net "tx_done_tick", 0 0, v0x557174ff5df0_0;  1 drivers
v0x557174ff9ab0_0 .net "tx_fifo_empty", 0 0, L_0x557175019640;  1 drivers
v0x557174ff9b50_0 .net "tx_fifo_rd_data", 7 0, L_0x557175019480;  1 drivers
v0x557174ff9c40_0 .net "tx_full", 0 0, L_0x557175019540;  alias, 1 drivers
v0x557174ff9ce0_0 .net "wr_en", 0 0, v0x557174ffc570_0;  1 drivers
S_0x557174fba1a0 .scope module, "uart_baud_clk_blk" "uart_baud_clk" 8 80, 9 29 0, S_0x557174fb8a30;
 .timescale 0 0;
    .port_info 0 /INPUT 1 "clk"
    .port_info 1 /INPUT 1 "reset"
    .port_info 2 /OUTPUT 1 "baud_clk_tick"
P_0x557174feec70 .param/l "BAUD" 0 9 32, +C4<00000000000000011100001000000000>;
P_0x557174feecb0 .param/l "BAUD_CLK_OVERSAMPLE_RATE" 0 9 33, +C4<00000000000000000000000000010000>;
P_0x557174feecf0 .param/l "CLKS_PER_OVERSAMPLE_TICK" 1 9 41, C4<0000000000110110>;
P_0x557174feed30 .param/l "SYS_CLK_FREQ" 0 9 31, +C4<00000101111101011110000100000000>;
v0x557174fef060_0 .net *"_s0", 31 0, L_0x557175014e90;  1 drivers
L_0x7f6505e164e0 .functor BUFT 1, C4<0000000000000001>, C4<0>, C4<0>, C4<0>;
v0x557174fef160_0 .net/2u *"_s10", 15 0, L_0x7f6505e164e0;  1 drivers
v0x557174fef240_0 .net *"_s12", 15 0, L_0x5571750151d0;  1 drivers
v0x557174fef330_0 .net *"_s16", 31 0, L_0x557175015540;  1 drivers
L_0x7f6505e16528 .functor BUFT 1, C4<0000000000000000>, C4<0>, C4<0>, C4<0>;
v0x557174fef410_0 .net *"_s19", 15 0, L_0x7f6505e16528;  1 drivers
L_0x7f6505e16570 .functor BUFT 1, C4<00000000000000000000000000110101>, C4<0>, C4<0>, C4<0>;
v0x557174fef540_0 .net/2u *"_s20", 31 0, L_0x7f6505e16570;  1 drivers
v0x557174fef620_0 .net *"_s22", 0 0, L_0x557175015630;  1 drivers
L_0x7f6505e165b8 .functor BUFT 1, C4<1>, C4<0>, C4<0>, C4<0>;
v0x557174fef6e0_0 .net/2u *"_s24", 0 0, L_0x7f6505e165b8;  1 drivers
L_0x7f6505e16600 .functor BUFT 1, C4<0>, C4<0>, C4<0>, C4<0>;
v0x557174fef7c0_0 .net/2u *"_s26", 0 0, L_0x7f6505e16600;  1 drivers
L_0x7f6505e16408 .functor BUFT 1, C4<0000000000000000>, C4<0>, C4<0>, C4<0>;
v0x557174fef8a0_0 .net *"_s3", 15 0, L_0x7f6505e16408;  1 drivers
L_0x7f6505e16450 .functor BUFT 1, C4<00000000000000000000000000110101>, C4<0>, C4<0>, C4<0>;
v0x557174fef980_0 .net/2u *"_s4", 31 0, L_0x7f6505e16450;  1 drivers
v0x557174fefa60_0 .net *"_s6", 0 0, L_0x557175014f80;  1 drivers
L_0x7f6505e16498 .functor BUFT 1, C4<0000000000000000>, C4<0>, C4<0>, C4<0>;
v0x557174fefb20_0 .net/2u *"_s8", 15 0, L_0x7f6505e16498;  1 drivers
v0x557174fefc00_0 .net "baud_clk_tick", 0 0, L_0x5571750157b0;  alias, 1 drivers
v0x557174fefcc0_0 .net "clk", 0 0, L_0x557174ef8a90;  alias, 1 drivers
v0x557174fefd60_0 .net "d_cnt", 15 0, L_0x557175015380;  1 drivers
v0x557174fefe40_0 .var "q_cnt", 15 0;
v0x557174ff0030_0 .net "reset", 0 0, v0x557175001600_0;  alias, 1 drivers
E_0x557174feefe0 .event posedge, v0x557174fee350_0, v0x557174fe9d50_0;
L_0x557175014e90 .concat [ 16 16 0 0], v0x557174fefe40_0, L_0x7f6505e16408;
L_0x557175014f80 .cmp/eq 32, L_0x557175014e90, L_0x7f6505e16450;
L_0x5571750151d0 .arith/sum 16, v0x557174fefe40_0, L_0x7f6505e164e0;
L_0x557175015380 .functor MUXZ 16, L_0x5571750151d0, L_0x7f6505e16498, L_0x557175014f80, C4<>;
L_0x557175015540 .concat [ 16 16 0 0], v0x557174fefe40_0, L_0x7f6505e16528;
L_0x557175015630 .cmp/eq 32, L_0x557175015540, L_0x7f6505e16570;
L_0x5571750157b0 .functor MUXZ 1, L_0x7f6505e16600, L_0x7f6505e165b8, L_0x557175015630, C4<>;
S_0x557174ff0130 .scope module, "uart_rx_blk" "uart_rx" 8 91, 10 28 0, S_0x557174fb8a30;
 .timescale 0 0;
    .port_info 0 /INPUT 1 "clk"
    .port_info 1 /INPUT 1 "reset"
    .port_info 2 /INPUT 1 "baud_clk_tick"
    .port_info 3 /INPUT 1 "rx"
    .port_info 4 /OUTPUT 8 "rx_data"
    .port_info 5 /OUTPUT 1 "rx_done_tick"
    .port_info 6 /OUTPUT 1 "parity_err"
P_0x557174ff0300 .param/l "BAUD_CLK_OVERSAMPLE_RATE" 0 10 33, +C4<00000000000000000000000000010000>;
P_0x557174ff0340 .param/l "DATA_BITS" 0 10 30, +C4<00000000000000000000000000001000>;
P_0x557174ff0380 .param/l "PARITY_MODE" 0 10 32, +C4<00000000000000000000000000000001>;
P_0x557174ff03c0 .param/l "STOP_BITS" 0 10 31, +C4<00000000000000000000000000000001>;
P_0x557174ff0400 .param/l "STOP_OVERSAMPLE_TICKS" 1 10 45, C4<010000>;
P_0x557174ff0440 .param/l "S_DATA" 1 10 50, C4<00100>;
P_0x557174ff0480 .param/l "S_IDLE" 1 10 48, C4<00001>;
P_0x557174ff04c0 .param/l "S_PARITY" 1 10 51, C4<01000>;
P_0x557174ff0500 .param/l "S_START" 1 10 49, C4<00010>;
P_0x557174ff0540 .param/l "S_STOP" 1 10 52, C4<10000>;
v0x557174ff0ac0_0 .net "baud_clk_tick", 0 0, L_0x5571750157b0;  alias, 1 drivers
v0x557174ff0bb0_0 .net "clk", 0 0, L_0x557174ef8a90;  alias, 1 drivers
v0x557174ff0c50_0 .var "d_data", 7 0;
v0x557174ff0d20_0 .var "d_data_bit_idx", 2 0;
v0x557174ff0e00_0 .var "d_done_tick", 0 0;
v0x557174ff0f10_0 .var "d_oversample_tick_cnt", 3 0;
v0x557174ff0ff0_0 .var "d_parity_err", 0 0;
v0x557174ff10b0_0 .var "d_state", 4 0;
v0x557174ff1190_0 .net "parity_err", 0 0, v0x557174ff15b0_0;  alias, 1 drivers
v0x557174ff1250_0 .var "q_data", 7 0;
v0x557174ff1330_0 .var "q_data_bit_idx", 2 0;
v0x557174ff1410_0 .var "q_done_tick", 0 0;
v0x557174ff14d0_0 .var "q_oversample_tick_cnt", 3 0;
v0x557174ff15b0_0 .var "q_parity_err", 0 0;
v0x557174ff1670_0 .var "q_rx", 0 0;
v0x557174ff1730_0 .var "q_state", 4 0;
v0x557174ff1810_0 .net "reset", 0 0, v0x557175001600_0;  alias, 1 drivers
v0x557174ff19c0_0 .net "rx", 0 0, o0x7f6505e60b48;  alias, 0 drivers
v0x557174ff1a80_0 .net "rx_data", 7 0, v0x557174ff1250_0;  alias, 1 drivers
v0x557174ff1b60_0 .net "rx_done_tick", 0 0, v0x557174ff1410_0;  alias, 1 drivers
E_0x557174ff0a40/0 .event edge, v0x557174ff1730_0, v0x557174ff1250_0, v0x557174ff1330_0, v0x557174fefc00_0;
E_0x557174ff0a40/1 .event edge, v0x557174ff14d0_0, v0x557174ff1670_0;
E_0x557174ff0a40 .event/or E_0x557174ff0a40/0, E_0x557174ff0a40/1;
S_0x557174ff1d40 .scope module, "uart_rx_fifo" "fifo" 8 119, 7 27 0, S_0x557174fb8a30;
 .timescale 0 0;
    .port_info 0 /INPUT 1 "clk"
    .port_info 1 /INPUT 1 "reset"
    .port_info 2 /INPUT 1 "rd_en"
    .port_info 3 /INPUT 1 "wr_en"
    .port_info 4 /INPUT 8 "wr_data"
    .port_info 5 /OUTPUT 8 "rd_data"
    .port_info 6 /OUTPUT 1 "full"
    .port_info 7 /OUTPUT 1 "empty"
P_0x557174f59fc0 .param/l "ADDR_BITS" 0 7 30, +C4<00000000000000000000000000000011>;
P_0x557174f5a000 .param/l "DATA_BITS" 0 7 29, +C4<00000000000000000000000000001000>;
L_0x557175015c80 .functor AND 1, v0x557174ffcad0_0, L_0x557175015bb0, C4<1>, C4<1>;
L_0x557175015e40 .functor AND 1, v0x557174ff1410_0, L_0x557175015d70, C4<1>, C4<1>;
L_0x557175016010 .functor AND 1, v0x557174ff3c50_0, L_0x557175016910, C4<1>, C4<1>;
L_0x557175016b40 .functor AND 1, L_0x557175016c40, L_0x557175015c80, C4<1>, C4<1>;
L_0x557175016e20 .functor OR 1, L_0x557175016010, L_0x557175016b40, C4<0>, C4<0>;
L_0x557175017060 .functor AND 1, v0x557174ff3f20_0, L_0x557175016f30, C4<1>, C4<1>;
L_0x557175016d30 .functor AND 1, L_0x557175017380, L_0x557175015e40, C4<1>, C4<1>;
L_0x557175017200 .functor OR 1, L_0x557175017060, L_0x557175016d30, C4<0>, C4<0>;
L_0x5571750177d0 .functor BUFZ 8, L_0x557175017560, C4<00000000>, C4<00000000>, C4<00000000>;
L_0x557175017890 .functor BUFZ 1, v0x557174ff3f20_0, C4<0>, C4<0>, C4<0>;
L_0x557175017960 .functor BUFZ 1, v0x557174ff3c50_0, C4<0>, C4<0>, C4<0>;
v0x557174ff2100_0 .net *"_s1", 0 0, L_0x557175015bb0;  1 drivers
v0x557174ff21c0_0 .net *"_s10", 2 0, L_0x557175015f70;  1 drivers
v0x557174ff22a0_0 .net *"_s14", 7 0, L_0x5571750162f0;  1 drivers
v0x557174ff2390_0 .net *"_s16", 4 0, L_0x557175016390;  1 drivers
L_0x7f6505e16690 .functor BUFT 1, C4<00>, C4<0>, C4<0>, C4<0>;
v0x557174ff2470_0 .net *"_s19", 1 0, L_0x7f6505e16690;  1 drivers
L_0x7f6505e166d8 .functor BUFT 1, C4<001>, C4<0>, C4<0>, C4<0>;
v0x557174ff25a0_0 .net/2u *"_s22", 2 0, L_0x7f6505e166d8;  1 drivers
v0x557174ff2680_0 .net *"_s24", 2 0, L_0x557175016690;  1 drivers
v0x557174ff2760_0 .net *"_s31", 0 0, L_0x557175016910;  1 drivers
v0x557174ff2820_0 .net *"_s32", 0 0, L_0x557175016010;  1 drivers
v0x557174ff28e0_0 .net *"_s34", 2 0, L_0x557175016aa0;  1 drivers
v0x557174ff29c0_0 .net *"_s36", 0 0, L_0x557175016c40;  1 drivers
v0x557174ff2a80_0 .net *"_s38", 0 0, L_0x557175016b40;  1 drivers
v0x557174ff2b40_0 .net *"_s43", 0 0, L_0x557175016f30;  1 drivers
v0x557174ff2c00_0 .net *"_s44", 0 0, L_0x557175017060;  1 drivers
v0x557174ff2cc0_0 .net *"_s46", 2 0, L_0x557175017160;  1 drivers
v0x557174ff2da0_0 .net *"_s48", 0 0, L_0x557175017380;  1 drivers
v0x557174ff2e60_0 .net *"_s5", 0 0, L_0x557175015d70;  1 drivers
v0x557174ff3030_0 .net *"_s50", 0 0, L_0x557175016d30;  1 drivers
v0x557174ff30f0_0 .net *"_s54", 7 0, L_0x557175017560;  1 drivers
v0x557174ff31d0_0 .net *"_s56", 4 0, L_0x557175017690;  1 drivers
L_0x7f6505e16768 .functor BUFT 1, C4<00>, C4<0>, C4<0>, C4<0>;
v0x557174ff32b0_0 .net *"_s59", 1 0, L_0x7f6505e16768;  1 drivers
L_0x7f6505e16648 .functor BUFT 1, C4<001>, C4<0>, C4<0>, C4<0>;
v0x557174ff3390_0 .net/2u *"_s8", 2 0, L_0x7f6505e16648;  1 drivers
L_0x7f6505e16720 .functor BUFT 1, C4<001>, C4<0>, C4<0>, C4<0>;
v0x557174ff3470_0 .net "addr_bits_wide_1", 2 0, L_0x7f6505e16720;  1 drivers
v0x557174ff3550_0 .net "clk", 0 0, L_0x557174ef8a90;  alias, 1 drivers
v0x557174ff35f0_0 .net "d_data", 7 0, L_0x557175016510;  1 drivers
v0x557174ff36d0_0 .net "d_empty", 0 0, L_0x557175016e20;  1 drivers
v0x557174ff3790_0 .net "d_full", 0 0, L_0x557175017200;  1 drivers
v0x557174ff3850_0 .net "d_rd_ptr", 2 0, L_0x557175016780;  1 drivers
v0x557174ff3930_0 .net "d_wr_ptr", 2 0, L_0x557175016130;  1 drivers
v0x557174ff3a10_0 .net "empty", 0 0, L_0x557175017960;  alias, 1 drivers
v0x557174ff3ad0_0 .net "full", 0 0, L_0x557175017890;  1 drivers
v0x557174ff3b90 .array "q_data_array", 0 7, 7 0;
v0x557174ff3c50_0 .var "q_empty", 0 0;
v0x557174ff3f20_0 .var "q_full", 0 0;
v0x557174ff3fe0_0 .var "q_rd_ptr", 2 0;
v0x557174ff40c0_0 .var "q_wr_ptr", 2 0;
v0x557174ff41a0_0 .net "rd_data", 7 0, L_0x5571750177d0;  alias, 1 drivers
v0x557174ff4280_0 .net "rd_en", 0 0, v0x557174ffcad0_0;  alias, 1 drivers
v0x557174ff4340_0 .net "rd_en_prot", 0 0, L_0x557175015c80;  1 drivers
v0x557174ff4400_0 .net "reset", 0 0, v0x557175001600_0;  alias, 1 drivers
v0x557174ff44a0_0 .net "wr_data", 7 0, v0x557174ff1250_0;  alias, 1 drivers
v0x557174ff4560_0 .net "wr_en", 0 0, v0x557174ff1410_0;  alias, 1 drivers
v0x557174ff4630_0 .net "wr_en_prot", 0 0, L_0x557175015e40;  1 drivers
L_0x557175015bb0 .reduce/nor v0x557174ff3c50_0;
L_0x557175015d70 .reduce/nor v0x557174ff3f20_0;
L_0x557175015f70 .arith/sum 3, v0x557174ff40c0_0, L_0x7f6505e16648;
L_0x557175016130 .functor MUXZ 3, v0x557174ff40c0_0, L_0x557175015f70, L_0x557175015e40, C4<>;
L_0x5571750162f0 .array/port v0x557174ff3b90, L_0x557175016390;
L_0x557175016390 .concat [ 3 2 0 0], v0x557174ff40c0_0, L_0x7f6505e16690;
L_0x557175016510 .functor MUXZ 8, L_0x5571750162f0, v0x557174ff1250_0, L_0x557175015e40, C4<>;
L_0x557175016690 .arith/sum 3, v0x557174ff3fe0_0, L_0x7f6505e166d8;
L_0x557175016780 .functor MUXZ 3, v0x557174ff3fe0_0, L_0x557175016690, L_0x557175015c80, C4<>;
L_0x557175016910 .reduce/nor L_0x557175015e40;
L_0x557175016aa0 .arith/sub 3, v0x557174ff40c0_0, v0x557174ff3fe0_0;
L_0x557175016c40 .cmp/eq 3, L_0x557175016aa0, L_0x7f6505e16720;
L_0x557175016f30 .reduce/nor L_0x557175015c80;
L_0x557175017160 .arith/sub 3, v0x557174ff3fe0_0, v0x557174ff40c0_0;
L_0x557175017380 .cmp/eq 3, L_0x557175017160, L_0x7f6505e16720;
L_0x557175017560 .array/port v0x557174ff3b90, L_0x557175017690;
L_0x557175017690 .concat [ 3 2 0 0], v0x557174ff3fe0_0, L_0x7f6505e16768;
S_0x557174ff47b0 .scope module, "uart_tx_blk" "uart_tx" 8 106, 11 28 0, S_0x557174fb8a30;
 .timescale 0 0;
    .port_info 0 /INPUT 1 "clk"
    .port_info 1 /INPUT 1 "reset"
    .port_info 2 /INPUT 1 "baud_clk_tick"
    .port_info 3 /INPUT 1 "tx_start"
    .port_info 4 /INPUT 8 "tx_data"
    .port_info 5 /OUTPUT 1 "tx_done_tick"
    .port_info 6 /OUTPUT 1 "tx"
P_0x557174ff4930 .param/l "BAUD_CLK_OVERSAMPLE_RATE" 0 11 33, +C4<00000000000000000000000000010000>;
P_0x557174ff4970 .param/l "DATA_BITS" 0 11 30, +C4<00000000000000000000000000001000>;
P_0x557174ff49b0 .param/l "PARITY_MODE" 0 11 32, +C4<00000000000000000000000000000001>;
P_0x557174ff49f0 .param/l "STOP_BITS" 0 11 31, +C4<00000000000000000000000000000001>;
P_0x557174ff4a30 .param/l "STOP_OVERSAMPLE_TICKS" 1 11 45, C4<010000>;
P_0x557174ff4a70 .param/l "S_DATA" 1 11 50, C4<00100>;
P_0x557174ff4ab0 .param/l "S_IDLE" 1 11 48, C4<00001>;
P_0x557174ff4af0 .param/l "S_PARITY" 1 11 51, C4<01000>;
P_0x557174ff4b30 .param/l "S_START" 1 11 49, C4<00010>;
P_0x557174ff4b70 .param/l "S_STOP" 1 11 52, C4<10000>;
L_0x5571750159d0 .functor BUFZ 1, v0x557174ff5d30_0, C4<0>, C4<0>, C4<0>;
v0x557174ff51a0_0 .net "baud_clk_tick", 0 0, L_0x5571750157b0;  alias, 1 drivers
v0x557174ff5260_0 .net "clk", 0 0, L_0x557174ef8a90;  alias, 1 drivers
v0x557174ff5320_0 .var "d_baud_clk_tick_cnt", 3 0;
v0x557174ff53c0_0 .var "d_data", 7 0;
v0x557174ff54a0_0 .var "d_data_bit_idx", 2 0;
v0x557174ff55d0_0 .var "d_parity_bit", 0 0;
v0x557174ff5690_0 .var "d_state", 4 0;
v0x557174ff5770_0 .var "d_tx", 0 0;
v0x557174ff5830_0 .var "d_tx_done_tick", 0 0;
v0x557174ff58f0_0 .var "q_baud_clk_tick_cnt", 3 0;
v0x557174ff59d0_0 .var "q_data", 7 0;
v0x557174ff5ab0_0 .var "q_data_bit_idx", 2 0;
v0x557174ff5b90_0 .var "q_parity_bit", 0 0;
v0x557174ff5c50_0 .var "q_state", 4 0;
v0x557174ff5d30_0 .var "q_tx", 0 0;
v0x557174ff5df0_0 .var "q_tx_done_tick", 0 0;
v0x557174ff5eb0_0 .net "reset", 0 0, v0x557175001600_0;  alias, 1 drivers
v0x557174ff5f50_0 .net "tx", 0 0, L_0x5571750159d0;  alias, 1 drivers
v0x557174ff6010_0 .net "tx_data", 7 0, L_0x557175019480;  alias, 1 drivers
v0x557174ff60f0_0 .net "tx_done_tick", 0 0, v0x557174ff5df0_0;  alias, 1 drivers
v0x557174ff61b0_0 .net "tx_start", 0 0, L_0x557175015b40;  1 drivers
E_0x557174ff5110/0 .event edge, v0x557174ff5c50_0, v0x557174ff59d0_0, v0x557174ff5ab0_0, v0x557174ff5b90_0;
E_0x557174ff5110/1 .event edge, v0x557174fefc00_0, v0x557174ff58f0_0, v0x557174ff61b0_0, v0x557174ff5df0_0;
E_0x557174ff5110/2 .event edge, v0x557174ff6010_0;
E_0x557174ff5110 .event/or E_0x557174ff5110/0, E_0x557174ff5110/1, E_0x557174ff5110/2;
S_0x557174ff6390 .scope module, "uart_tx_fifo" "fifo" 8 133, 7 27 0, S_0x557174fb8a30;
 .timescale 0 0;
    .port_info 0 /INPUT 1 "clk"
    .port_info 1 /INPUT 1 "reset"
    .port_info 2 /INPUT 1 "rd_en"
    .port_info 3 /INPUT 1 "wr_en"
    .port_info 4 /INPUT 8 "wr_data"
    .port_info 5 /OUTPUT 8 "rd_data"
    .port_info 6 /OUTPUT 1 "full"
    .port_info 7 /OUTPUT 1 "empty"
P_0x557174ff6510 .param/l "ADDR_BITS" 0 7 30, +C4<00000000000000000000000000001010>;
P_0x557174ff6550 .param/l "DATA_BITS" 0 7 29, +C4<00000000000000000000000000001000>;
L_0x557175017a70 .functor AND 1, v0x557174ff5df0_0, L_0x5571750179d0, C4<1>, C4<1>;
L_0x557175017c40 .functor AND 1, v0x557174ffc570_0, L_0x557175017b70, C4<1>, C4<1>;
L_0x557175017d80 .functor AND 1, v0x557174ff8360_0, L_0x557175018640, C4<1>, C4<1>;
L_0x557175018870 .functor AND 1, L_0x557175018970, L_0x557175017a70, C4<1>, C4<1>;
L_0x557175018b50 .functor OR 1, L_0x557175017d80, L_0x557175018870, C4<0>, C4<0>;
L_0x557175018d90 .functor AND 1, v0x557174ff8630_0, L_0x557175018c60, C4<1>, C4<1>;
L_0x557175018a60 .functor AND 1, L_0x557175019030, L_0x557175017c40, C4<1>, C4<1>;
L_0x557175018f30 .functor OR 1, L_0x557175018d90, L_0x557175018a60, C4<0>, C4<0>;
L_0x557175019480 .functor BUFZ 8, L_0x557175019210, C4<00000000>, C4<00000000>, C4<00000000>;
L_0x557175019540 .functor BUFZ 1, v0x557174ff8630_0, C4<0>, C4<0>, C4<0>;
L_0x557175019640 .functor BUFZ 1, v0x557174ff8360_0, C4<0>, C4<0>, C4<0>;
v0x557174ff67f0_0 .net *"_s1", 0 0, L_0x5571750179d0;  1 drivers
v0x557174ff68d0_0 .net *"_s10", 9 0, L_0x557175017ce0;  1 drivers
v0x557174ff69b0_0 .net *"_s14", 7 0, L_0x557175018060;  1 drivers
v0x557174ff6aa0_0 .net *"_s16", 11 0, L_0x557175018100;  1 drivers
L_0x7f6505e167f8 .functor BUFT 1, C4<00>, C4<0>, C4<0>, C4<0>;
v0x557174ff6b80_0 .net *"_s19", 1 0, L_0x7f6505e167f8;  1 drivers
L_0x7f6505e16840 .functor BUFT 1, C4<0000000001>, C4<0>, C4<0>, C4<0>;
v0x557174ff6cb0_0 .net/2u *"_s22", 9 0, L_0x7f6505e16840;  1 drivers
v0x557174ff6d90_0 .net *"_s24", 9 0, L_0x557175018370;  1 drivers
v0x557174ff6e70_0 .net *"_s31", 0 0, L_0x557175018640;  1 drivers
v0x557174ff6f30_0 .net *"_s32", 0 0, L_0x557175017d80;  1 drivers
v0x557174ff6ff0_0 .net *"_s34", 9 0, L_0x5571750187d0;  1 drivers
v0x557174ff70d0_0 .net *"_s36", 0 0, L_0x557175018970;  1 drivers
v0x557174ff7190_0 .net *"_s38", 0 0, L_0x557175018870;  1 drivers
v0x557174ff7250_0 .net *"_s43", 0 0, L_0x557175018c60;  1 drivers
v0x557174ff7310_0 .net *"_s44", 0 0, L_0x557175018d90;  1 drivers
v0x557174ff73d0_0 .net *"_s46", 9 0, L_0x557175018e90;  1 drivers
v0x557174ff74b0_0 .net *"_s48", 0 0, L_0x557175019030;  1 drivers
v0x557174ff7570_0 .net *"_s5", 0 0, L_0x557175017b70;  1 drivers
v0x557174ff7740_0 .net *"_s50", 0 0, L_0x557175018a60;  1 drivers
v0x557174ff7800_0 .net *"_s54", 7 0, L_0x557175019210;  1 drivers
v0x557174ff78e0_0 .net *"_s56", 11 0, L_0x557175019340;  1 drivers
L_0x7f6505e168d0 .functor BUFT 1, C4<00>, C4<0>, C4<0>, C4<0>;
v0x557174ff79c0_0 .net *"_s59", 1 0, L_0x7f6505e168d0;  1 drivers
L_0x7f6505e167b0 .functor BUFT 1, C4<0000000001>, C4<0>, C4<0>, C4<0>;
v0x557174ff7aa0_0 .net/2u *"_s8", 9 0, L_0x7f6505e167b0;  1 drivers
L_0x7f6505e16888 .functor BUFT 1, C4<0000000001>, C4<0>, C4<0>, C4<0>;
v0x557174ff7b80_0 .net "addr_bits_wide_1", 9 0, L_0x7f6505e16888;  1 drivers
v0x557174ff7c60_0 .net "clk", 0 0, L_0x557174ef8a90;  alias, 1 drivers
v0x557174ff7d00_0 .net "d_data", 7 0, L_0x557175018280;  1 drivers
v0x557174ff7de0_0 .net "d_empty", 0 0, L_0x557175018b50;  1 drivers
v0x557174ff7ea0_0 .net "d_full", 0 0, L_0x557175018f30;  1 drivers
v0x557174ff7f60_0 .net "d_rd_ptr", 9 0, L_0x5571750184b0;  1 drivers
v0x557174ff8040_0 .net "d_wr_ptr", 9 0, L_0x557175017ea0;  1 drivers
v0x557174ff8120_0 .net "empty", 0 0, L_0x557175019640;  alias, 1 drivers
v0x557174ff81e0_0 .net "full", 0 0, L_0x557175019540;  alias, 1 drivers
v0x557174ff82a0 .array "q_data_array", 0 1023, 7 0;
v0x557174ff8360_0 .var "q_empty", 0 0;
v0x557174ff8630_0 .var "q_full", 0 0;
v0x557174ff86f0_0 .var "q_rd_ptr", 9 0;
v0x557174ff87d0_0 .var "q_wr_ptr", 9 0;
v0x557174ff88b0_0 .net "rd_data", 7 0, L_0x557175019480;  alias, 1 drivers
v0x557174ff8970_0 .net "rd_en", 0 0, v0x557174ff5df0_0;  alias, 1 drivers
v0x557174ff8a40_0 .net "rd_en_prot", 0 0, L_0x557175017a70;  1 drivers
v0x557174ff8ae0_0 .net "reset", 0 0, v0x557175001600_0;  alias, 1 drivers
v0x557174ff8b80_0 .net "wr_data", 7 0, v0x557174ffc4b0_0;  alias, 1 drivers
v0x557174ff8c40_0 .net "wr_en", 0 0, v0x557174ffc570_0;  alias, 1 drivers
v0x557174ff8d00_0 .net "wr_en_prot", 0 0, L_0x557175017c40;  1 drivers
L_0x5571750179d0 .reduce/nor v0x557174ff8360_0;
L_0x557175017b70 .reduce/nor v0x557174ff8630_0;
L_0x557175017ce0 .arith/sum 10, v0x557174ff87d0_0, L_0x7f6505e167b0;
L_0x557175017ea0 .functor MUXZ 10, v0x557174ff87d0_0, L_0x557175017ce0, L_0x557175017c40, C4<>;
L_0x557175018060 .array/port v0x557174ff82a0, L_0x557175018100;
L_0x557175018100 .concat [ 10 2 0 0], v0x557174ff87d0_0, L_0x7f6505e167f8;
L_0x557175018280 .functor MUXZ 8, L_0x557175018060, v0x557174ffc4b0_0, L_0x557175017c40, C4<>;
L_0x557175018370 .arith/sum 10, v0x557174ff86f0_0, L_0x7f6505e16840;
L_0x5571750184b0 .functor MUXZ 10, v0x557174ff86f0_0, L_0x557175018370, L_0x557175017a70, C4<>;
L_0x557175018640 .reduce/nor L_0x557175017c40;
L_0x5571750187d0 .arith/sub 10, v0x557174ff87d0_0, v0x557174ff86f0_0;
L_0x557175018970 .cmp/eq 10, L_0x5571750187d0, L_0x7f6505e16888;
L_0x557175018c60 .reduce/nor L_0x557175017a70;
L_0x557175018e90 .arith/sub 10, v0x557174ff86f0_0, v0x557174ff87d0_0;
L_0x557175019030 .cmp/eq 10, L_0x557175018e90, L_0x7f6505e16888;
L_0x557175019210 .array/port v0x557174ff82a0, L_0x557175019340;
L_0x557175019340 .concat [ 10 2 0 0], v0x557174ff86f0_0, L_0x7f6505e168d0;
S_0x557174ffd240 .scope module, "ram0" "ram" 4 56, 12 3 0, S_0x557174f96ce0;
 .timescale 0 0;
    .port_info 0 /INPUT 1 "clk_in"
    .port_info 1 /INPUT 1 "en_in"
    .port_info 2 /INPUT 1 "r_nw_in"
    .port_info 3 /INPUT 17 "a_in"
    .port_info 4 /INPUT 8 "d_in"
    .port_info 5 /OUTPUT 8 "d_out"
P_0x557174ffd410 .param/l "ADDR_WIDTH" 0 12 5, +C4<00000000000000000000000000010001>;
L_0x557174f41480 .functor NOT 1, L_0x557174f38ba0, C4<0>, C4<0>, C4<0>;
v0x557174ffe1d0_0 .net *"_s0", 0 0, L_0x557174f41480;  1 drivers
L_0x7f6505e160f0 .functor BUFT 1, C4<0>, C4<0>, C4<0>, C4<0>;
v0x557174ffe2d0_0 .net/2u *"_s2", 0 0, L_0x7f6505e160f0;  1 drivers
L_0x7f6505e16138 .functor BUFT 1, C4<00000000>, C4<0>, C4<0>, C4<0>;
v0x557174ffe3b0_0 .net/2u *"_s6", 7 0, L_0x7f6505e16138;  1 drivers
v0x557174ffe470_0 .net "a_in", 16 0, L_0x557175002760;  alias, 1 drivers
v0x557174ffe530_0 .net "clk_in", 0 0, L_0x557174ef8a90;  alias, 1 drivers
v0x557174ffe5d0_0 .net "d_in", 7 0, L_0x55717501ace0;  alias, 1 drivers
v0x557174ffe670_0 .net "d_out", 7 0, L_0x5571750022b0;  alias, 1 drivers
v0x557174ffe730_0 .net "en_in", 0 0, L_0x557175002620;  alias, 1 drivers
v0x557174ffe7f0_0 .net "r_nw_in", 0 0, L_0x557174f38ba0;  1 drivers
v0x557174ffe940_0 .net "ram_bram_dout", 7 0, L_0x557174f41590;  1 drivers
v0x557174ffea00_0 .net "ram_bram_we", 0 0, L_0x557175002080;  1 drivers
L_0x557175002080 .functor MUXZ 1, L_0x7f6505e160f0, L_0x557174f41480, L_0x557175002620, C4<>;
L_0x5571750022b0 .functor MUXZ 8, L_0x7f6505e16138, L_0x557174f41590, L_0x557175002620, C4<>;
S_0x557174ffd550 .scope module, "ram_bram" "single_port_ram_sync" 12 20, 2 62 0, S_0x557174ffd240;
 .timescale 0 0;
    .port_info 0 /INPUT 1 "clk"
    .port_info 1 /INPUT 1 "we"
    .port_info 2 /INPUT 17 "addr_a"
    .port_info 3 /INPUT 8 "din_a"
    .port_info 4 /OUTPUT 8 "dout_a"
P_0x557174f4cd70 .param/l "ADDR_WIDTH" 0 2 64, +C4<00000000000000000000000000010001>;
P_0x557174f4cdb0 .param/l "DATA_WIDTH" 0 2 65, +C4<00000000000000000000000000001000>;
L_0x557174f41590 .functor BUFZ 8, L_0x557175001d40, C4<00000000>, C4<00000000>, C4<00000000>;
v0x557174ffd7c0_0 .net *"_s0", 7 0, L_0x557175001d40;  1 drivers
v0x557174ffd8c0_0 .net *"_s2", 18 0, L_0x557175001e40;  1 drivers
L_0x7f6505e160a8 .functor BUFT 1, C4<00>, C4<0>, C4<0>, C4<0>;
v0x557174ffd9a0_0 .net *"_s5", 1 0, L_0x7f6505e160a8;  1 drivers
v0x557174ffda60_0 .net "addr_a", 16 0, L_0x557175002760;  alias, 1 drivers
v0x557174ffdb40_0 .net "clk", 0 0, L_0x557174ef8a90;  alias, 1 drivers
v0x557174ffdc30_0 .net "din_a", 7 0, L_0x55717501ace0;  alias, 1 drivers
v0x557174ffdd10_0 .net "dout_a", 7 0, L_0x557174f41590;  alias, 1 drivers
v0x557174ffddf0_0 .var/i "i", 31 0;
v0x557174ffded0_0 .var "q_addr_a", 16 0;
v0x557174ffdfb0 .array "ram", 0 131071, 7 0;
v0x557174ffe070_0 .net "we", 0 0, L_0x557175002080;  alias, 1 drivers
L_0x557175001d40 .array/port v0x557174ffdfb0, L_0x557175001e40;
L_0x557175001e40 .concat [ 17 2 0 0], v0x557174ffded0_0, L_0x7f6505e160a8;
    .scope S_0x557174fbd330;
T_0 ;
    %wait E_0x557174ebcad0;
    %load/vec4 v0x557174fe8f10_0;
    %flag_set/vec4 8;
    %jmp/0xz  T_0.0, 8;
    %load/vec4 v0x557174fe89f0_0;
    %load/vec4 v0x557174f992a0_0;
    %pad/u 8;
    %ix/vec4 3;
    %ix/load 4, 0, 0; Constant delay
    %assign/vec4/a/d v0x557174fe8e50, 0, 4;
T_0.0 ;
    %load/vec4 v0x557174f992a0_0;
    %assign/vec4 v0x557174fe8c90_0, 0;
    %load/vec4 v0x557174fe8850_0;
    %assign/vec4 v0x557174fe8d70_0, 0;
    %jmp T_0;
    .thread T_0;
    .scope S_0x557174f95570;
T_1 ;
    %wait E_0x557174ef2180;
    %load/vec4 v0x557174fe98d0_0;
    %flag_set/vec4 8;
    %jmp/0xz  T_1.0, 8;
    %pushi/vec4 0, 0, 1;
    %assign/vec4 v0x557174fe9670_0, 0;
    %pushi/vec4 0, 0, 32;
    %assign/vec4 v0x557174fe9730_0, 0;
    %pushi/vec4 0, 0, 1;
    %assign/vec4 v0x557174fe9350_0, 0;
    %pushi/vec4 0, 0, 32;
    %assign/vec4 v0x557174fe9410_0, 0;
    %jmp T_1.1;
T_1.0 ;
    %load/vec4 v0x557174fe9810_0;
    %nor/r;
    %flag_set/vec4 8;
    %jmp/0xz  T_1.2, 8;
    %pushi/vec4 0, 0, 1;
    %assign/vec4 v0x557174fe9670_0, 0;
    %pushi/vec4 0, 0, 1;
    %assign/vec4 v0x557174fe9350_0, 0;
    %jmp T_1.3;
T_1.2 ;
    %load/vec4 v0x557174fe94f0_0;
    %flag_set/vec4 8;
    %jmp/0xz  T_1.4, 8;
    %load/vec4 v0x557174fe92b0_0;
    %flag_set/vec4 8;
    %jmp/0xz  T_1.6, 8;
    %pushi/vec4 1, 0, 1;
    %assign/vec4 v0x557174fe9350_0, 0;
    %load/vec4 v0x557174fe91d0_0;
    %assign/vec4 v0x557174fe9410_0, 0;
    %pushi/vec4 0, 0, 1;
    %assign/vec4 v0x557174fe94f0_0, 0;
    %jmp T_1.7;
T_1.6 ;
    %pushi/vec4 1, 0, 1;
    %assign/vec4 v0x557174fe9670_0, 0;
    %pushi/vec4 0, 0, 1;
    %assign/vec4 v0x557174fe9350_0, 0;
T_1.7 ;
T_1.4 ;
T_1.3 ;
T_1.1 ;
    %jmp T_1;
    .thread T_1;
    .scope S_0x557174ffd550;
T_2 ;
    %wait E_0x557174fd69b0;
    %load/vec4 v0x557174ffe070_0;
    %flag_set/vec4 8;
    %jmp/0xz  T_2.0, 8;
    %load/vec4 v0x557174ffdc30_0;
    %load/vec4 v0x557174ffda60_0;
    %pad/u 19;
    %ix/vec4 3;
    %ix/load 4, 0, 0; Constant delay
    %assign/vec4/a/d v0x557174ffdfb0, 0, 4;
T_2.0 ;
    %load/vec4 v0x557174ffda60_0;
    %assign/vec4 v0x557174ffded0_0, 0;
    %jmp T_2;
    .thread T_2;
    .scope S_0x557174ffd550;
T_3 ;
    %pushi/vec4 0, 0, 32;
    %store/vec4 v0x557174ffddf0_0, 0, 32;
T_3.0 ;
    %load/vec4 v0x557174ffddf0_0;
    %cmpi/s 131072, 0, 32;
    %jmp/0xz T_3.1, 5;
    %pushi/vec4 0, 0, 8;
    %ix/getv/s 4, v0x557174ffddf0_0;
    %store/vec4a v0x557174ffdfb0, 4, 0;
    %load/vec4 v0x557174ffddf0_0;
    %addi 1, 0, 32;
    %store/vec4 v0x557174ffddf0_0, 0, 32;
    %jmp T_3.0;
T_3.1 ;
    %vpi_call 2 93 "$readmemh", "test.data", v0x557174ffdfb0 {0 0 0};
    %end;
    .thread T_3;
    .scope S_0x557174f91170;
T_4 ;
    %wait E_0x557174fd69b0;
    %load/vec4 v0x557174fea420_0;
    %flag_set/vec4 8;
    %jmp/0xz  T_4.0, 8;
    %jmp T_4.1;
T_4.0 ;
    %load/vec4 v0x557174fea360_0;
    %nor/r;
    %flag_set/vec4 8;
    %jmp/0xz  T_4.2, 8;
T_4.2 ;
T_4.1 ;
    %jmp T_4;
    .thread T_4;
    .scope S_0x557174fb1280;
T_5 ;
    %wait E_0x557174fd69b0;
    %load/vec4 v0x557174fee350_0;
    %flag_set/vec4 8;
    %jmp/0xz  T_5.0, 8;
    %pushi/vec4 0, 0, 10;
    %assign/vec4 v0x557174fedf30_0, 0;
    %pushi/vec4 0, 0, 10;
    %assign/vec4 v0x557174fee010_0, 0;
    %pushi/vec4 1, 0, 1;
    %assign/vec4 v0x557174fedba0_0, 0;
    %pushi/vec4 0, 0, 1;
    %assign/vec4 v0x557174fede70_0, 0;
    %jmp T_5.1;
T_5.0 ;
    %load/vec4 v0x557174fed7a0_0;
    %assign/vec4 v0x557174fedf30_0, 0;
    %load/vec4 v0x557174fed880_0;
    %assign/vec4 v0x557174fee010_0, 0;
    %load/vec4 v0x557174fed620_0;
    %assign/vec4 v0x557174fedba0_0, 0;
    %load/vec4 v0x557174fed6e0_0;
    %assign/vec4 v0x557174fede70_0, 0;
    %load/vec4 v0x557174fed560_0;
    %load/vec4 v0x557174fee010_0;
    %pad/u 12;
    %ix/vec4 3;
    %ix/load 4, 0, 0; Constant delay
    %assign/vec4/a/d v0x557174fedae0, 0, 4;
T_5.1 ;
    %jmp T_5;
    .thread T_5;
    .scope S_0x557174fba1a0;
T_6 ;
    %wait E_0x557174feefe0;
    %load/vec4 v0x557174ff0030_0;
    %flag_set/vec4 8;
    %jmp/0xz  T_6.0, 8;
    %pushi/vec4 0, 0, 16;
    %assign/vec4 v0x557174fefe40_0, 0;
    %jmp T_6.1;
T_6.0 ;
    %load/vec4 v0x557174fefd60_0;
    %assign/vec4 v0x557174fefe40_0, 0;
T_6.1 ;
    %jmp T_6;
    .thread T_6;
    .scope S_0x557174ff0130;
T_7 ;
    %wait E_0x557174feefe0;
    %load/vec4 v0x557174ff1810_0;
    %flag_set/vec4 8;
    %jmp/0xz  T_7.0, 8;
    %pushi/vec4 1, 0, 5;
    %assign/vec4 v0x557174ff1730_0, 0;
    %pushi/vec4 0, 0, 4;
    %assign/vec4 v0x557174ff14d0_0, 0;
    %pushi/vec4 0, 0, 8;
    %assign/vec4 v0x557174ff1250_0, 0;
    %pushi/vec4 0, 0, 3;
    %assign/vec4 v0x557174ff1330_0, 0;
    %pushi/vec4 0, 0, 1;
    %assign/vec4 v0x557174ff1410_0, 0;
    %pushi/vec4 0, 0, 1;
    %assign/vec4 v0x557174ff15b0_0, 0;
    %pushi/vec4 1, 0, 1;
    %assign/vec4 v0x557174ff1670_0, 0;
    %jmp T_7.1;
T_7.0 ;
    %load/vec4 v0x557174ff10b0_0;
    %assign/vec4 v0x557174ff1730_0, 0;
    %load/vec4 v0x557174ff0f10_0;
    %assign/vec4 v0x557174ff14d0_0, 0;
    %load/vec4 v0x557174ff0c50_0;
    %assign/vec4 v0x557174ff1250_0, 0;
    %load/vec4 v0x557174ff0d20_0;
    %assign/vec4 v0x557174ff1330_0, 0;
    %load/vec4 v0x557174ff0e00_0;
    %assign/vec4 v0x557174ff1410_0, 0;
    %load/vec4 v0x557174ff0ff0_0;
    %assign/vec4 v0x557174ff15b0_0, 0;
    %load/vec4 v0x557174ff19c0_0;
    %assign/vec4 v0x557174ff1670_0, 0;
T_7.1 ;
    %jmp T_7;
    .thread T_7;
    .scope S_0x557174ff0130;
T_8 ;
    %wait E_0x557174ff0a40;
    %load/vec4 v0x557174ff1730_0;
    %store/vec4 v0x557174ff10b0_0, 0, 5;
    %load/vec4 v0x557174ff1250_0;
    %store/vec4 v0x557174ff0c50_0, 0, 8;
    %load/vec4 v0x557174ff1330_0;
    %store/vec4 v0x557174ff0d20_0, 0, 3;
    %load/vec4 v0x557174ff0ac0_0;
    %flag_set/vec4 8;
    %jmp/0 T_8.0, 8;
    %load/vec4 v0x557174ff14d0_0;
    %addi 1, 0, 4;
    %jmp/1 T_8.1, 8;
T_8.0 ; End of true expr.
    %load/vec4 v0x557174ff14d0_0;
    %jmp/0 T_8.1, 8;
 ; End of false expr.
    %blend;
T_8.1;
    %store/vec4 v0x557174ff0f10_0, 0, 4;
    %pushi/vec4 0, 0, 1;
    %store/vec4 v0x557174ff0e00_0, 0, 1;
    %pushi/vec4 0, 0, 1;
    %store/vec4 v0x557174ff0ff0_0, 0, 1;
    %load/vec4 v0x557174ff1730_0;
    %dup/vec4;
    %pushi/vec4 1, 0, 5;
    %cmp/u;
    %jmp/1 T_8.2, 6;
    %dup/vec4;
    %pushi/vec4 2, 0, 5;
    %cmp/u;
    %jmp/1 T_8.3, 6;
    %dup/vec4;
    %pushi/vec4 4, 0, 5;
    %cmp/u;
    %jmp/1 T_8.4, 6;
    %dup/vec4;
    %pushi/vec4 8, 0, 5;
    %cmp/u;
    %jmp/1 T_8.5, 6;
    %dup/vec4;
    %pushi/vec4 16, 0, 5;
    %cmp/u;
    %jmp/1 T_8.6, 6;
    %jmp T_8.7;
T_8.2 ;
    %load/vec4 v0x557174ff1670_0;
    %inv;
    %flag_set/vec4 8;
    %jmp/0xz  T_8.8, 8;
    %pushi/vec4 2, 0, 5;
    %store/vec4 v0x557174ff10b0_0, 0, 5;
    %pushi/vec4 0, 0, 4;
    %store/vec4 v0x557174ff0f10_0, 0, 4;
T_8.8 ;
    %jmp T_8.7;
T_8.3 ;
    %load/vec4 v0x557174ff0ac0_0;
    %load/vec4 v0x557174ff14d0_0;
    %pad/u 32;
    %pushi/vec4 7, 0, 32;
    %cmp/e;
    %flag_get/vec4 4;
    %and;
    %flag_set/vec4 8;
    %jmp/0xz  T_8.10, 8;
    %pushi/vec4 4, 0, 5;
    %store/vec4 v0x557174ff10b0_0, 0, 5;
    %pushi/vec4 0, 0, 4;
    %store/vec4 v0x557174ff0f10_0, 0, 4;
    %pushi/vec4 0, 0, 3;
    %store/vec4 v0x557174ff0d20_0, 0, 3;
T_8.10 ;
    %jmp T_8.7;
T_8.4 ;
    %load/vec4 v0x557174ff0ac0_0;
    %load/vec4 v0x557174ff14d0_0;
    %pad/u 32;
    %pushi/vec4 15, 0, 32;
    %cmp/e;
    %flag_get/vec4 4;
    %and;
    %flag_set/vec4 8;
    %jmp/0xz  T_8.12, 8;
    %load/vec4 v0x557174ff1670_0;
    %load/vec4 v0x557174ff1250_0;
    %parti/s 7, 1, 2;
    %concat/vec4; draw_concat_vec4
    %store/vec4 v0x557174ff0c50_0, 0, 8;
    %pushi/vec4 0, 0, 4;
    %store/vec4 v0x557174ff0f10_0, 0, 4;
    %load/vec4 v0x557174ff1330_0;
    %pad/u 32;
    %cmpi/e 7, 0, 32;
    %jmp/0xz  T_8.14, 4;
    %pushi/vec4 8, 0, 5;
    %store/vec4 v0x557174ff10b0_0, 0, 5;
    %jmp T_8.15;
T_8.14 ;
    %load/vec4 v0x557174ff1330_0;
    %addi 1, 0, 3;
    %store/vec4 v0x557174ff0d20_0, 0, 3;
T_8.15 ;
T_8.12 ;
    %jmp T_8.7;
T_8.5 ;
    %load/vec4 v0x557174ff0ac0_0;
    %load/vec4 v0x557174ff14d0_0;
    %pad/u 32;
    %pushi/vec4 15, 0, 32;
    %cmp/e;
    %flag_get/vec4 4;
    %and;
    %flag_set/vec4 8;
    %jmp/0xz  T_8.16, 8;
    %load/vec4 v0x557174ff1670_0;
    %load/vec4 v0x557174ff1250_0;
    %xnor/r;
    %cmp/e;
    %flag_get/vec4 4;
    %inv;
    %store/vec4 v0x557174ff0ff0_0, 0, 1;
    %pushi/vec4 16, 0, 5;
    %store/vec4 v0x557174ff10b0_0, 0, 5;
    %pushi/vec4 0, 0, 4;
    %store/vec4 v0x557174ff0f10_0, 0, 4;
T_8.16 ;
    %jmp T_8.7;
T_8.6 ;
    %load/vec4 v0x557174ff0ac0_0;
    %load/vec4 v0x557174ff14d0_0;
    %pad/u 32;
    %pushi/vec4 15, 0, 32;
    %cmp/e;
    %flag_get/vec4 4;
    %and;
    %flag_set/vec4 8;
    %jmp/0xz  T_8.18, 8;
    %pushi/vec4 1, 0, 5;
    %store/vec4 v0x557174ff10b0_0, 0, 5;
    %pushi/vec4 1, 0, 1;
    %store/vec4 v0x557174ff0e00_0, 0, 1;
T_8.18 ;
    %jmp T_8.7;
T_8.7 ;
    %pop/vec4 1;
    %jmp T_8;
    .thread T_8, $push;
    .scope S_0x557174ff47b0;
T_9 ;
    %wait E_0x557174feefe0;
    %load/vec4 v0x557174ff5eb0_0;
    %flag_set/vec4 8;
    %jmp/0xz  T_9.0, 8;
    %pushi/vec4 1, 0, 5;
    %assign/vec4 v0x557174ff5c50_0, 0;
    %pushi/vec4 0, 0, 4;
    %assign/vec4 v0x557174ff58f0_0, 0;
    %pushi/vec4 0, 0, 8;
    %assign/vec4 v0x557174ff59d0_0, 0;
    %pushi/vec4 0, 0, 3;
    %assign/vec4 v0x557174ff5ab0_0, 0;
    %pushi/vec4 1, 0, 1;
    %assign/vec4 v0x557174ff5d30_0, 0;
    %pushi/vec4 0, 0, 1;
    %assign/vec4 v0x557174ff5df0_0, 0;
    %pushi/vec4 0, 0, 1;
    %assign/vec4 v0x557174ff5b90_0, 0;
    %jmp T_9.1;
T_9.0 ;
    %load/vec4 v0x557174ff5690_0;
    %assign/vec4 v0x557174ff5c50_0, 0;
    %load/vec4 v0x557174ff5320_0;
    %assign/vec4 v0x557174ff58f0_0, 0;
    %load/vec4 v0x557174ff53c0_0;
    %assign/vec4 v0x557174ff59d0_0, 0;
    %load/vec4 v0x557174ff54a0_0;
    %assign/vec4 v0x557174ff5ab0_0, 0;
    %load/vec4 v0x557174ff5770_0;
    %assign/vec4 v0x557174ff5d30_0, 0;
    %load/vec4 v0x557174ff5830_0;
    %assign/vec4 v0x557174ff5df0_0, 0;
    %load/vec4 v0x557174ff55d0_0;
    %assign/vec4 v0x557174ff5b90_0, 0;
T_9.1 ;
    %jmp T_9;
    .thread T_9;
    .scope S_0x557174ff47b0;
T_10 ;
    %wait E_0x557174ff5110;
    %load/vec4 v0x557174ff5c50_0;
    %store/vec4 v0x557174ff5690_0, 0, 5;
    %load/vec4 v0x557174ff59d0_0;
    %store/vec4 v0x557174ff53c0_0, 0, 8;
    %load/vec4 v0x557174ff5ab0_0;
    %store/vec4 v0x557174ff54a0_0, 0, 3;
    %load/vec4 v0x557174ff5b90_0;
    %store/vec4 v0x557174ff55d0_0, 0, 1;
    %load/vec4 v0x557174ff51a0_0;
    %flag_set/vec4 8;
    %jmp/0 T_10.0, 8;
    %load/vec4 v0x557174ff58f0_0;
    %addi 1, 0, 4;
    %jmp/1 T_10.1, 8;
T_10.0 ; End of true expr.
    %load/vec4 v0x557174ff58f0_0;
    %jmp/0 T_10.1, 8;
 ; End of false expr.
    %blend;
T_10.1;
    %store/vec4 v0x557174ff5320_0, 0, 4;
    %pushi/vec4 0, 0, 1;
    %store/vec4 v0x557174ff5830_0, 0, 1;
    %pushi/vec4 1, 0, 1;
    %store/vec4 v0x557174ff5770_0, 0, 1;
    %load/vec4 v0x557174ff5c50_0;
    %dup/vec4;
    %pushi/vec4 1, 0, 5;
    %cmp/u;
    %jmp/1 T_10.2, 6;
    %dup/vec4;
    %pushi/vec4 2, 0, 5;
    %cmp/u;
    %jmp/1 T_10.3, 6;
    %dup/vec4;
    %pushi/vec4 4, 0, 5;
    %cmp/u;
    %jmp/1 T_10.4, 6;
    %dup/vec4;
    %pushi/vec4 8, 0, 5;
    %cmp/u;
    %jmp/1 T_10.5, 6;
    %dup/vec4;
    %pushi/vec4 16, 0, 5;
    %cmp/u;
    %jmp/1 T_10.6, 6;
    %jmp T_10.7;
T_10.2 ;
    %load/vec4 v0x557174ff61b0_0;
    %load/vec4 v0x557174ff5df0_0;
    %inv;
    %and;
    %flag_set/vec4 8;
    %jmp/0xz  T_10.8, 8;
    %pushi/vec4 2, 0, 5;
    %store/vec4 v0x557174ff5690_0, 0, 5;
    %pushi/vec4 0, 0, 4;
    %store/vec4 v0x557174ff5320_0, 0, 4;
    %load/vec4 v0x557174ff6010_0;
    %store/vec4 v0x557174ff53c0_0, 0, 8;
    %load/vec4 v0x557174ff6010_0;
    %xnor/r;
    %store/vec4 v0x557174ff55d0_0, 0, 1;
T_10.8 ;
    %jmp T_10.7;
T_10.3 ;
    %pushi/vec4 0, 0, 1;
    %store/vec4 v0x557174ff5770_0, 0, 1;
    %load/vec4 v0x557174ff51a0_0;
    %load/vec4 v0x557174ff58f0_0;
    %pad/u 32;
    %pushi/vec4 15, 0, 32;
    %cmp/e;
    %flag_get/vec4 4;
    %and;
    %flag_set/vec4 8;
    %jmp/0xz  T_10.10, 8;
    %pushi/vec4 4, 0, 5;
    %store/vec4 v0x557174ff5690_0, 0, 5;
    %pushi/vec4 0, 0, 4;
    %store/vec4 v0x557174ff5320_0, 0, 4;
    %pushi/vec4 0, 0, 3;
    %store/vec4 v0x557174ff54a0_0, 0, 3;
T_10.10 ;
    %jmp T_10.7;
T_10.4 ;
    %load/vec4 v0x557174ff59d0_0;
    %parti/s 1, 0, 2;
    %store/vec4 v0x557174ff5770_0, 0, 1;
    %load/vec4 v0x557174ff51a0_0;
    %load/vec4 v0x557174ff58f0_0;
    %pad/u 32;
    %pushi/vec4 15, 0, 32;
    %cmp/e;
    %flag_get/vec4 4;
    %and;
    %flag_set/vec4 8;
    %jmp/0xz  T_10.12, 8;
    %load/vec4 v0x557174ff59d0_0;
    %ix/load 4, 1, 0;
    %flag_set/imm 4, 0;
    %shiftr 4;
    %store/vec4 v0x557174ff53c0_0, 0, 8;
    %load/vec4 v0x557174ff5ab0_0;
    %addi 1, 0, 3;
    %store/vec4 v0x557174ff54a0_0, 0, 3;
    %pushi/vec4 0, 0, 4;
    %store/vec4 v0x557174ff5320_0, 0, 4;
    %load/vec4 v0x557174ff5ab0_0;
    %pad/u 32;
    %cmpi/e 7, 0, 32;
    %jmp/0xz  T_10.14, 4;
    %pushi/vec4 8, 0, 5;
    %store/vec4 v0x557174ff5690_0, 0, 5;
T_10.14 ;
T_10.12 ;
    %jmp T_10.7;
T_10.5 ;
    %load/vec4 v0x557174ff5b90_0;
    %store/vec4 v0x557174ff5770_0, 0, 1;
    %load/vec4 v0x557174ff51a0_0;
    %load/vec4 v0x557174ff58f0_0;
    %pad/u 32;
    %pushi/vec4 15, 0, 32;
    %cmp/e;
    %flag_get/vec4 4;
    %and;
    %flag_set/vec4 8;
    %jmp/0xz  T_10.16, 8;
    %pushi/vec4 16, 0, 5;
    %store/vec4 v0x557174ff5690_0, 0, 5;
    %pushi/vec4 0, 0, 4;
    %store/vec4 v0x557174ff5320_0, 0, 4;
T_10.16 ;
    %jmp T_10.7;
T_10.6 ;
    %load/vec4 v0x557174ff51a0_0;
    %load/vec4 v0x557174ff58f0_0;
    %pad/u 32;
    %pushi/vec4 15, 0, 32;
    %cmp/e;
    %flag_get/vec4 4;
    %and;
    %flag_set/vec4 8;
    %jmp/0xz  T_10.18, 8;
    %pushi/vec4 1, 0, 5;
    %store/vec4 v0x557174ff5690_0, 0, 5;
    %pushi/vec4 1, 0, 1;
    %store/vec4 v0x557174ff5830_0, 0, 1;
T_10.18 ;
    %jmp T_10.7;
T_10.7 ;
    %pop/vec4 1;
    %jmp T_10;
    .thread T_10, $push;
    .scope S_0x557174ff1d40;
T_11 ;
    %wait E_0x557174fd69b0;
    %load/vec4 v0x557174ff4400_0;
    %flag_set/vec4 8;
    %jmp/0xz  T_11.0, 8;
    %pushi/vec4 0, 0, 3;
    %assign/vec4 v0x557174ff3fe0_0, 0;
    %pushi/vec4 0, 0, 3;
    %assign/vec4 v0x557174ff40c0_0, 0;
    %pushi/vec4 1, 0, 1;
    %assign/vec4 v0x557174ff3c50_0, 0;
    %pushi/vec4 0, 0, 1;
    %assign/vec4 v0x557174ff3f20_0, 0;
    %jmp T_11.1;
T_11.0 ;
    %load/vec4 v0x557174ff3850_0;
    %assign/vec4 v0x557174ff3fe0_0, 0;
    %load/vec4 v0x557174ff3930_0;
    %assign/vec4 v0x557174ff40c0_0, 0;
    %load/vec4 v0x557174ff36d0_0;
    %assign/vec4 v0x557174ff3c50_0, 0;
    %load/vec4 v0x557174ff3790_0;
    %assign/vec4 v0x557174ff3f20_0, 0;
    %load/vec4 v0x557174ff35f0_0;
    %load/vec4 v0x557174ff40c0_0;
    %pad/u 5;
    %ix/vec4 3;
    %ix/load 4, 0, 0; Constant delay
    %assign/vec4/a/d v0x557174ff3b90, 0, 4;
T_11.1 ;
    %jmp T_11;
    .thread T_11;
    .scope S_0x557174ff6390;
T_12 ;
    %wait E_0x557174fd69b0;
    %load/vec4 v0x557174ff8ae0_0;
    %flag_set/vec4 8;
    %jmp/0xz  T_12.0, 8;
    %pushi/vec4 0, 0, 10;
    %assign/vec4 v0x557174ff86f0_0, 0;
    %pushi/vec4 0, 0, 10;
    %assign/vec4 v0x557174ff87d0_0, 0;
    %pushi/vec4 1, 0, 1;
    %assign/vec4 v0x557174ff8360_0, 0;
    %pushi/vec4 0, 0, 1;
    %assign/vec4 v0x557174ff8630_0, 0;
    %jmp T_12.1;
T_12.0 ;
    %load/vec4 v0x557174ff7f60_0;
    %assign/vec4 v0x557174ff86f0_0, 0;
    %load/vec4 v0x557174ff8040_0;
    %assign/vec4 v0x557174ff87d0_0, 0;
    %load/vec4 v0x557174ff7de0_0;
    %assign/vec4 v0x557174ff8360_0, 0;
    %load/vec4 v0x557174ff7ea0_0;
    %assign/vec4 v0x557174ff8630_0, 0;
    %load/vec4 v0x557174ff7d00_0;
    %load/vec4 v0x557174ff87d0_0;
    %pad/u 12;
    %ix/vec4 3;
    %ix/load 4, 0, 0; Constant delay
    %assign/vec4/a/d v0x557174ff82a0, 0, 4;
T_12.1 ;
    %jmp T_12;
    .thread T_12;
    .scope S_0x557174fb8a30;
T_13 ;
    %wait E_0x557174feefe0;
    %load/vec4 v0x557174ff9310_0;
    %flag_set/vec4 8;
    %jmp/0xz  T_13.0, 8;
    %pushi/vec4 0, 0, 1;
    %assign/vec4 v0x557174ff91b0_0, 0;
    %jmp T_13.1;
T_13.0 ;
    %load/vec4 v0x557174ff9040_0;
    %assign/vec4 v0x557174ff91b0_0, 0;
T_13.1 ;
    %jmp T_13;
    .thread T_13;
    .scope S_0x557174fafb10;
T_14 ;
    %wait E_0x557174fd69b0;
    %load/vec4 v0x557174ffcbc0_0;
    %flag_set/vec4 8;
    %jmp/0xz  T_14.0, 8;
    %pushi/vec4 1, 0, 5;
    %assign/vec4 v0x557174ffc410_0, 0;
    %pushi/vec4 0, 0, 3;
    %assign/vec4 v0x557174ffbe10_0, 0;
    %pushi/vec4 0, 0, 17;
    %assign/vec4 v0x557174ffbfd0_0, 0;
    %pushi/vec4 0, 0, 17;
    %assign/vec4 v0x557174ffba60_0, 0;
    %pushi/vec4 0, 0, 2;
    %assign/vec4 v0x557174ffbef0_0, 0;
    %pushi/vec4 0, 0, 8;
    %assign/vec4 v0x557174ffc4b0_0, 0;
    %pushi/vec4 0, 0, 1;
    %assign/vec4 v0x557174ffc570_0, 0;
    %pushi/vec4 0, 0, 1;
    %assign/vec4 v0x557174ffc340_0, 0;
    %pushi/vec4 0, 0, 8;
    %assign/vec4 v0x557174ffc250_0, 0;
    %pushi/vec4 0, 0, 1;
    %assign/vec4 v0x557174ffc190_0, 0;
    %pushi/vec4 0, 0, 32;
    %assign/vec4 v0x557174ffbb20_0, 0;
    %pushi/vec4 0, 0, 8;
    %assign/vec4 v0x557174ffc0b0_0, 0;
    %jmp T_14.1;
T_14.0 ;
    %load/vec4 v0x557174ffad90_0;
    %assign/vec4 v0x557174ffc410_0, 0;
    %load/vec4 v0x557174ffa7b0_0;
    %assign/vec4 v0x557174ffbe10_0, 0;
    %load/vec4 v0x557174ffa970_0;
    %assign/vec4 v0x557174ffbfd0_0, 0;
    %load/vec4 v0x557174ffa5f0_0;
    %assign/vec4 v0x557174ffba60_0, 0;
    %load/vec4 v0x557174ffa890_0;
    %assign/vec4 v0x557174ffbef0_0, 0;
    %load/vec4 v0x557174ffaf80_0;
    %assign/vec4 v0x557174ffc4b0_0, 0;
    %load/vec4 v0x557174ffb060_0;
    %assign/vec4 v0x557174ffc570_0, 0;
    %load/vec4 v0x557174ffac10_0;
    %assign/vec4 v0x557174ffc340_0, 0;
    %load/vec4 v0x557174ffab30_0;
    %assign/vec4 v0x557174ffc250_0, 0;
    %load/vec4 v0x557174ffb2e0_0;
    %assign/vec4 v0x557174ffc190_0, 0;
    %load/vec4 v0x557174ffa6d0_0;
    %assign/vec4 v0x557174ffbb20_0, 0;
    %load/vec4 v0x557174ffaa50_0;
    %assign/vec4 v0x557174ffc0b0_0, 0;
    %load/vec4 v0x557174ffacd0_0;
    %assign/vec4 v0x557174ffb9c0_0, 0;
T_14.1 ;
    %jmp T_14;
    .thread T_14;
    .scope S_0x557174fafb10;
T_15 ;
    %wait E_0x557174febd50;
    %pushi/vec4 0, 0, 8;
    %store/vec4 v0x557174ffaa50_0, 0, 8;
    %load/vec4 v0x557174ffb2e0_0;
    %load/vec4 v0x557174ffb850_0;
    %nor/r;
    %and;
    %flag_set/vec4 8;
    %jmp/0xz  T_15.0, 8;
    %load/vec4 v0x557174ffb7b0_0;
    %dup/vec4;
    %pushi/vec4 0, 0, 3;
    %cmp/u;
    %jmp/1 T_15.2, 6;
    %dup/vec4;
    %pushi/vec4 4, 0, 3;
    %cmp/u;
    %jmp/1 T_15.3, 6;
    %dup/vec4;
    %pushi/vec4 5, 0, 3;
    %cmp/u;
    %jmp/1 T_15.4, 6;
    %dup/vec4;
    %pushi/vec4 6, 0, 3;
    %cmp/u;
    %jmp/1 T_15.5, 6;
    %dup/vec4;
    %pushi/vec4 7, 0, 3;
    %cmp/u;
    %jmp/1 T_15.6, 6;
    %jmp T_15.7;
T_15.2 ;
    %load/vec4 v0x557174ffb610_0;
    %store/vec4 v0x557174ffaa50_0, 0, 8;
    %jmp T_15.7;
T_15.3 ;
    %load/vec4 v0x557174ffbb20_0;
    %parti/s 8, 0, 2;
    %store/vec4 v0x557174ffaa50_0, 0, 8;
    %jmp T_15.7;
T_15.4 ;
    %load/vec4 v0x557174ffbb20_0;
    %parti/s 8, 8, 5;
    %store/vec4 v0x557174ffaa50_0, 0, 8;
    %jmp T_15.7;
T_15.5 ;
    %load/vec4 v0x557174ffbb20_0;
    %parti/s 8, 16, 6;
    %store/vec4 v0x557174ffaa50_0, 0, 8;
    %jmp T_15.7;
T_15.6 ;
    %load/vec4 v0x557174ffbb20_0;
    %parti/s 8, 24, 6;
    %store/vec4 v0x557174ffaa50_0, 0, 8;
    %jmp T_15.7;
T_15.7 ;
    %pop/vec4 1;
T_15.0 ;
    %jmp T_15;
    .thread T_15, $push;
    .scope S_0x557174fafb10;
T_16 ;
    %wait E_0x557174fd6ac0;
    %load/vec4 v0x557174ffc410_0;
    %store/vec4 v0x557174ffad90_0, 0, 5;
    %load/vec4 v0x557174ffbe10_0;
    %store/vec4 v0x557174ffa7b0_0, 0, 3;
    %load/vec4 v0x557174ffbfd0_0;
    %store/vec4 v0x557174ffa970_0, 0, 17;
    %load/vec4 v0x557174ffba60_0;
    %store/vec4 v0x557174ffa5f0_0, 0, 17;
    %load/vec4 v0x557174ffbef0_0;
    %store/vec4 v0x557174ffa890_0, 0, 2;
    %pushi/vec4 0, 0, 1;
    %store/vec4 v0x557174ffcad0_0, 0, 1;
    %pushi/vec4 0, 0, 8;
    %store/vec4 v0x557174ffaf80_0, 0, 8;
    %pushi/vec4 0, 0, 1;
    %store/vec4 v0x557174ffb060_0, 0, 1;
    %pushi/vec4 0, 0, 1;
    %store/vec4 v0x557174ffc900_0, 0, 1;
    %pushi/vec4 0, 0, 1;
    %store/vec4 v0x557174ffb6e0_0, 0, 1;
    %pushi/vec4 0, 0, 1;
    %store/vec4 v0x557174ffac10_0, 0, 1;
    %pushi/vec4 0, 0, 8;
    %store/vec4 v0x557174ffab30_0, 0, 8;
    %pushi/vec4 0, 0, 1;
    %store/vec4 v0x557174ffacd0_0, 0, 1;
    %load/vec4 v0x557174ffb8f0_0;
    %flag_set/vec4 8;
    %jmp/0xz  T_16.0, 8;
    %pushi/vec4 1, 0, 1;
    %ix/load 4, 0, 0;
    %flag_set/imm 4, 0;
    %store/vec4 v0x557174ffa890_0, 4, 1;
T_16.0 ;
    %load/vec4 v0x557174ffc190_0;
    %inv;
    %load/vec4 v0x557174ffb2e0_0;
    %and;
    %flag_set/vec4 8;
    %jmp/0xz  T_16.2, 8;
    %load/vec4 v0x557174ffb850_0;
    %flag_set/vec4 8;
    %jmp/0xz  T_16.4, 8;
    %load/vec4 v0x557174ffb7b0_0;
    %dup/vec4;
    %pushi/vec4 0, 0, 3;
    %cmp/u;
    %jmp/1 T_16.6, 6;
    %dup/vec4;
    %pushi/vec4 4, 0, 3;
    %cmp/u;
    %jmp/1 T_16.7, 6;
    %jmp T_16.8;
T_16.6 ;
    %load/vec4 v0x557174ffcf30_0;
    %nor/r;
    %load/vec4 v0x557174ffb120_0;
    %pushi/vec4 0, 0, 8;
    %cmp/e;
    %flag_get/vec4 4;
    %inv;
    %and;
    %flag_set/vec4 8;
    %jmp/0xz  T_16.9, 8;
    %load/vec4 v0x557174ffb120_0;
    %store/vec4 v0x557174ffaf80_0, 0, 8;
    %pushi/vec4 1, 0, 1;
    %store/vec4 v0x557174ffb060_0, 0, 1;
T_16.9 ;
    %vpi_call 6 252 "$write", "%c", v0x557174ffb120_0 {0 0 0};
    %jmp T_16.8;
T_16.7 ;
    %load/vec4 v0x557174ffcf30_0;
    %nor/r;
    %flag_set/vec4 8;
    %jmp/0xz  T_16.11, 8;
    %pushi/vec4 0, 0, 8;
    %store/vec4 v0x557174ffaf80_0, 0, 8;
    %pushi/vec4 1, 0, 1;
    %store/vec4 v0x557174ffb060_0, 0, 1;
T_16.11 ;
    %pushi/vec4 1, 0, 5;
    %store/vec4 v0x557174ffad90_0, 0, 5;
    %pushi/vec4 1, 0, 1;
    %store/vec4 v0x557174ffacd0_0, 0, 1;
    %vpi_call 6 261 "$display", "IO:Return" {0 0 0};
    %vpi_call 6 262 "$finish" {0 0 0};
    %jmp T_16.8;
T_16.8 ;
    %pop/vec4 1;
    %jmp T_16.5;
T_16.4 ;
    %load/vec4 v0x557174ffb7b0_0;
    %dup/vec4;
    %pushi/vec4 0, 0, 3;
    %cmp/u;
    %jmp/1 T_16.13, 6;
    %jmp T_16.14;
T_16.13 ;
    %load/vec4 v0x557174ffb470_0;
    %nor/r;
    %flag_set/vec4 8;
    %jmp/0xz  T_16.15, 8;
    %pushi/vec4 1, 0, 1;
    %store/vec4 v0x557174ffb6e0_0, 0, 1;
T_16.15 ;
    %load/vec4 v0x557174ffcd50_0;
    %nor/r;
    %load/vec4 v0x557174ffb540_0;
    %nor/r;
    %and;
    %flag_set/vec4 8;
    %jmp/0xz  T_16.17, 8;
    %pushi/vec4 1, 0, 1;
    %store/vec4 v0x557174ffcad0_0, 0, 1;
    %load/vec4 v0x557174ffc9c0_0;
    %store/vec4 v0x557174ffab30_0, 0, 8;
    %pushi/vec4 1, 0, 1;
    %store/vec4 v0x557174ffac10_0, 0, 1;
T_16.17 ;
    %jmp T_16.14;
T_16.14 ;
    %pop/vec4 1;
T_16.5 ;
    %jmp T_16.3;
T_16.2 ;
    %load/vec4 v0x557174ffc410_0;
    %dup/vec4;
    %pushi/vec4 0, 0, 5;
    %cmp/u;
    %jmp/1 T_16.19, 6;
    %dup/vec4;
    %pushi/vec4 1, 0, 5;
    %cmp/u;
    %jmp/1 T_16.20, 6;
    %dup/vec4;
    %pushi/vec4 2, 0, 5;
    %cmp/u;
    %jmp/1 T_16.21, 6;
    %dup/vec4;
    %pushi/vec4 3, 0, 5;
    %cmp/u;
    %jmp/1 T_16.22, 6;
    %dup/vec4;
    %pushi/vec4 4, 0, 5;
    %cmp/u;
    %jmp/1 T_16.23, 6;
    %dup/vec4;
    %pushi/vec4 5, 0, 5;
    %cmp/u;
    %jmp/1 T_16.24, 6;
    %dup/vec4;
    %pushi/vec4 8, 0, 5;
    %cmp/u;
    %jmp/1 T_16.25, 6;
    %dup/vec4;
    %pushi/vec4 6, 0, 5;
    %cmp/u;
    %jmp/1 T_16.26, 6;
    %dup/vec4;
    %pushi/vec4 7, 0, 5;
    %cmp/u;
    %jmp/1 T_16.27, 6;
    %dup/vec4;
    %pushi/vec4 9, 0, 5;
    %cmp/u;
    %jmp/1 T_16.28, 6;
    %dup/vec4;
    %pushi/vec4 10, 0, 5;
    %cmp/u;
    %jmp/1 T_16.29, 6;
    %dup/vec4;
    %pushi/vec4 11, 0, 5;
    %cmp/u;
    %jmp/1 T_16.30, 6;
    %dup/vec4;
    %pushi/vec4 12, 0, 5;
    %cmp/u;
    %jmp/1 T_16.31, 6;
    %jmp T_16.32;
T_16.19 ;
    %load/vec4 v0x557174ffcd50_0;
    %nor/r;
    %flag_set/vec4 8;
    %jmp/0xz  T_16.33, 8;
    %pushi/vec4 1, 0, 1;
    %store/vec4 v0x557174ffcad0_0, 0, 1;
    %load/vec4 v0x557174ffc9c0_0;
    %cmpi/e 3, 0, 8;
    %jmp/0xz  T_16.35, 4;
    %pushi/vec4 1, 0, 5;
    %store/vec4 v0x557174ffad90_0, 0, 5;
    %jmp T_16.36;
T_16.35 ;
    %load/vec4 v0x557174ffc9c0_0;
    %cmpi/e 7, 0, 8;
    %jmp/0xz  T_16.37, 4;
    %pushi/vec4 0, 0, 8;
    %store/vec4 v0x557174ffaf80_0, 0, 8;
    %pushi/vec4 1, 0, 1;
    %store/vec4 v0x557174ffb060_0, 0, 1;
T_16.37 ;
T_16.36 ;
T_16.33 ;
    %jmp T_16.32;
T_16.20 ;
    %load/vec4 v0x557174ffcd50_0;
    %nor/r;
    %flag_set/vec4 8;
    %jmp/0xz  T_16.39, 8;
    %pushi/vec4 1, 0, 1;
    %store/vec4 v0x557174ffcad0_0, 0, 1;
    %pushi/vec4 0, 0, 3;
    %store/vec4 v0x557174ffa7b0_0, 0, 3;
    %load/vec4 v0x557174ffc9c0_0;
    %dup/vec4;
    %pushi/vec4 0, 0, 8;
    %cmp/u;
    %jmp/1 T_16.41, 6;
    %dup/vec4;
    %pushi/vec4 5, 0, 8;
    %cmp/u;
    %jmp/1 T_16.42, 6;
    %dup/vec4;
    %pushi/vec4 3, 0, 8;
    %cmp/u;
    %jmp/1 T_16.43, 6;
    %dup/vec4;
    %pushi/vec4 8, 0, 8;
    %cmp/u;
    %jmp/1 T_16.44, 6;
    %dup/vec4;
    %pushi/vec4 9, 0, 8;
    %cmp/u;
    %jmp/1 T_16.45, 6;
    %dup/vec4;
    %pushi/vec4 10, 0, 8;
    %cmp/u;
    %jmp/1 T_16.46, 6;
    %dup/vec4;
    %pushi/vec4 1, 0, 8;
    %cmp/u;
    %jmp/1 T_16.47, 6;
    %dup/vec4;
    %pushi/vec4 11, 0, 8;
    %cmp/u;
    %jmp/1 T_16.48, 6;
    %dup/vec4;
    %pushi/vec4 4, 0, 8;
    %cmp/u;
    %jmp/1 T_16.49, 6;
    %dup/vec4;
    %pushi/vec4 7, 0, 8;
    %cmp/u;
    %jmp/1 T_16.50, 6;
    %pushi/vec4 1, 0, 1;
    %ix/load 4, 1, 0;
    %flag_set/imm 4, 0;
    %store/vec4 v0x557174ffa890_0, 4, 1;
    %pushi/vec4 1, 0, 5;
    %store/vec4 v0x557174ffad90_0, 0, 5;
    %jmp T_16.52;
T_16.41 ;
    %pushi/vec4 2, 0, 5;
    %store/vec4 v0x557174ffad90_0, 0, 5;
    %jmp T_16.52;
T_16.42 ;
    %pushi/vec4 4, 0, 5;
    %store/vec4 v0x557174ffad90_0, 0, 5;
    %jmp T_16.52;
T_16.43 ;
    %pushi/vec4 1, 0, 5;
    %store/vec4 v0x557174ffad90_0, 0, 5;
    %jmp T_16.52;
T_16.44 ;
    %pushi/vec4 8, 0, 5;
    %store/vec4 v0x557174ffad90_0, 0, 5;
    %jmp T_16.52;
T_16.45 ;
    %pushi/vec4 9, 0, 5;
    %store/vec4 v0x557174ffad90_0, 0, 5;
    %jmp T_16.52;
T_16.46 ;
    %pushi/vec4 11, 0, 5;
    %store/vec4 v0x557174ffad90_0, 0, 5;
    %jmp T_16.52;
T_16.47 ;
    %pushi/vec4 6, 0, 5;
    %store/vec4 v0x557174ffad90_0, 0, 5;
    %jmp T_16.52;
T_16.48 ;
    %pushi/vec4 16, 0, 5;
    %store/vec4 v0x557174ffad90_0, 0, 5;
    %jmp T_16.52;
T_16.49 ;
    %pushi/vec4 0, 0, 5;
    %store/vec4 v0x557174ffad90_0, 0, 5;
    %jmp T_16.52;
T_16.50 ;
    %pushi/vec4 1, 0, 8;
    %store/vec4 v0x557174ffaf80_0, 0, 8;
    %pushi/vec4 1, 0, 1;
    %store/vec4 v0x557174ffb060_0, 0, 1;
    %jmp T_16.52;
T_16.52 ;
    %pop/vec4 1;
T_16.39 ;
    %jmp T_16.32;
T_16.21 ;
    %load/vec4 v0x557174ffcd50_0;
    %nor/r;
    %flag_set/vec4 8;
    %jmp/0xz  T_16.53, 8;
    %pushi/vec4 1, 0, 1;
    %store/vec4 v0x557174ffcad0_0, 0, 1;
    %load/vec4 v0x557174ffbe10_0;
    %addi 1, 0, 3;
    %store/vec4 v0x557174ffa7b0_0, 0, 3;
    %load/vec4 v0x557174ffbe10_0;
    %pad/u 32;
    %cmpi/e 0, 0, 32;
    %jmp/0xz  T_16.55, 4;
    %load/vec4 v0x557174ffc9c0_0;
    %pad/u 17;
    %store/vec4 v0x557174ffa970_0, 0, 17;
    %jmp T_16.56;
T_16.55 ;
    %load/vec4 v0x557174ffc9c0_0;
    %load/vec4 v0x557174ffbfd0_0;
    %parti/s 8, 0, 2;
    %concat/vec4; draw_concat_vec4
    %pad/u 17;
    %store/vec4 v0x557174ffa970_0, 0, 17;
    %load/vec4 v0x557174ffa970_0;
    %cmpi/ne 0, 0, 17;
    %flag_mov 8, 4;
    %jmp/0 T_16.57, 8;
    %pushi/vec4 3, 0, 5;
    %jmp/1 T_16.58, 8;
T_16.57 ; End of true expr.
    %pushi/vec4 1, 0, 5;
    %jmp/0 T_16.58, 8;
 ; End of false expr.
    %blend;
T_16.58;
    %store/vec4 v0x557174ffad90_0, 0, 5;
T_16.56 ;
T_16.53 ;
    %jmp T_16.32;
T_16.22 ;
    %load/vec4 v0x557174ffcd50_0;
    %nor/r;
    %flag_set/vec4 8;
    %jmp/0xz  T_16.59, 8;
    %pushi/vec4 1, 0, 1;
    %store/vec4 v0x557174ffcad0_0, 0, 1;
    %load/vec4 v0x557174ffbfd0_0;
    %subi 1, 0, 17;
    %store/vec4 v0x557174ffa970_0, 0, 17;
    %load/vec4 v0x557174ffc9c0_0;
    %store/vec4 v0x557174ffaf80_0, 0, 8;
    %pushi/vec4 1, 0, 1;
    %store/vec4 v0x557174ffb060_0, 0, 1;
    %load/vec4 v0x557174ffa970_0;
    %pad/u 32;
    %cmpi/e 0, 0, 32;
    %jmp/0xz  T_16.61, 4;
    %pushi/vec4 1, 0, 5;
    %store/vec4 v0x557174ffad90_0, 0, 5;
T_16.61 ;
T_16.59 ;
    %jmp T_16.32;
T_16.23 ;
    %load/vec4 v0x557174ffcd50_0;
    %nor/r;
    %flag_set/vec4 8;
    %jmp/0xz  T_16.63, 8;
    %pushi/vec4 1, 0, 1;
    %store/vec4 v0x557174ffcad0_0, 0, 1;
    %load/vec4 v0x557174ffbe10_0;
    %addi 1, 0, 3;
    %store/vec4 v0x557174ffa7b0_0, 0, 3;
    %load/vec4 v0x557174ffbe10_0;
    %pad/u 32;
    %cmpi/e 0, 0, 32;
    %jmp/0xz  T_16.65, 4;
    %load/vec4 v0x557174ffc9c0_0;
    %pad/u 17;
    %store/vec4 v0x557174ffa970_0, 0, 17;
    %jmp T_16.66;
T_16.65 ;
    %load/vec4 v0x557174ffc9c0_0;
    %load/vec4 v0x557174ffbfd0_0;
    %parti/s 8, 0, 2;
    %concat/vec4; draw_concat_vec4
    %pad/u 17;
    %store/vec4 v0x557174ffa970_0, 0, 17;
    %load/vec4 v0x557174ffa970_0;
    %cmpi/ne 0, 0, 17;
    %flag_mov 8, 4;
    %jmp/0 T_16.67, 8;
    %pushi/vec4 5, 0, 5;
    %jmp/1 T_16.68, 8;
T_16.67 ; End of true expr.
    %pushi/vec4 1, 0, 5;
    %jmp/0 T_16.68, 8;
 ; End of false expr.
    %blend;
T_16.68;
    %store/vec4 v0x557174ffad90_0, 0, 5;
T_16.66 ;
T_16.63 ;
    %jmp T_16.32;
T_16.24 ;
    %load/vec4 v0x557174ffcd50_0;
    %nor/r;
    %flag_set/vec4 8;
    %jmp/0xz  T_16.69, 8;
    %pushi/vec4 1, 0, 1;
    %store/vec4 v0x557174ffcad0_0, 0, 1;
    %load/vec4 v0x557174ffbfd0_0;
    %subi 1, 0, 17;
    %store/vec4 v0x557174ffa970_0, 0, 17;
    %load/vec4 v0x557174ffb540_0;
    %nor/r;
    %flag_set/vec4 8;
    %jmp/0xz  T_16.71, 8;
    %load/vec4 v0x557174ffc9c0_0;
    %store/vec4 v0x557174ffab30_0, 0, 8;
    %pushi/vec4 1, 0, 1;
    %store/vec4 v0x557174ffac10_0, 0, 1;
T_16.71 ;
    %load/vec4 v0x557174ffa970_0;
    %pad/u 32;
    %cmpi/e 0, 0, 32;
    %jmp/0xz  T_16.73, 4;
    %pushi/vec4 1, 0, 5;
    %store/vec4 v0x557174ffad90_0, 0, 5;
T_16.73 ;
T_16.69 ;
    %jmp T_16.32;
T_16.25 ;
    %load/vec4 v0x557174ffcf30_0;
    %nor/r;
    %flag_set/vec4 8;
    %jmp/0xz  T_16.75, 8;
    %load/vec4 v0x557174ffbef0_0;
    %pad/u 8;
    %store/vec4 v0x557174ffaf80_0, 0, 8;
    %pushi/vec4 1, 0, 1;
    %store/vec4 v0x557174ffb060_0, 0, 1;
    %pushi/vec4 1, 0, 5;
    %store/vec4 v0x557174ffad90_0, 0, 5;
T_16.75 ;
    %jmp T_16.32;
T_16.26 ;
    %load/vec4 v0x557174ffcf30_0;
    %nor/r;
    %flag_set/vec4 8;
    %jmp/0xz  T_16.77, 8;
    %pushi/vec4 4, 0, 17;
    %store/vec4 v0x557174ffa970_0, 0, 17;
    %pushi/vec4 0, 0, 17;
    %store/vec4 v0x557174ffa5f0_0, 0, 17;
    %pushi/vec4 7, 0, 5;
    %store/vec4 v0x557174ffad90_0, 0, 5;
T_16.77 ;
    %jmp T_16.32;
T_16.27 ;
    %load/vec4 v0x557174ffcf30_0;
    %nor/r;
    %flag_set/vec4 8;
    %jmp/0xz  T_16.79, 8;
    %load/vec4 v0x557174ffbfd0_0;
    %subi 1, 0, 17;
    %store/vec4 v0x557174ffa970_0, 0, 17;
    %ix/getv 4, v0x557174ffba60_0;
    %load/vec4a v0x557174ffa4a0, 4;
    %store/vec4 v0x557174ffaf80_0, 0, 8;
    %pushi/vec4 1, 0, 1;
    %store/vec4 v0x557174ffb060_0, 0, 1;
    %load/vec4 v0x557174ffba60_0;
    %addi 1, 0, 17;
    %store/vec4 v0x557174ffa5f0_0, 0, 17;
    %load/vec4 v0x557174ffa970_0;
    %pad/u 32;
    %cmpi/e 0, 0, 32;
    %jmp/0xz  T_16.81, 4;
    %pushi/vec4 1, 0, 5;
    %store/vec4 v0x557174ffad90_0, 0, 5;
T_16.81 ;
T_16.79 ;
    %jmp T_16.32;
T_16.28 ;
    %load/vec4 v0x557174ffcd50_0;
    %nor/r;
    %flag_set/vec4 8;
    %jmp/0xz  T_16.83, 8;
    %pushi/vec4 1, 0, 1;
    %store/vec4 v0x557174ffcad0_0, 0, 1;
    %load/vec4 v0x557174ffbe10_0;
    %addi 1, 0, 3;
    %store/vec4 v0x557174ffa7b0_0, 0, 3;
    %load/vec4 v0x557174ffbe10_0;
    %pad/u 32;
    %cmpi/e 0, 0, 32;
    %jmp/0xz  T_16.85, 4;
    %load/vec4 v0x557174ffc9c0_0;
    %pad/u 17;
    %store/vec4 v0x557174ffa5f0_0, 0, 17;
    %jmp T_16.86;
T_16.85 ;
    %load/vec4 v0x557174ffbe10_0;
    %pad/u 32;
    %cmpi/e 1, 0, 32;
    %jmp/0xz  T_16.87, 4;
    %pushi/vec4 0, 0, 1;
    %load/vec4 v0x557174ffc9c0_0;
    %concat/vec4; draw_concat_vec4
    %load/vec4 v0x557174ffba60_0;
    %parti/s 8, 0, 2;
    %concat/vec4; draw_concat_vec4
    %store/vec4 v0x557174ffa5f0_0, 0, 17;
    %jmp T_16.88;
T_16.87 ;
    %load/vec4 v0x557174ffbe10_0;
    %pad/u 32;
    %cmpi/e 2, 0, 32;
    %jmp/0xz  T_16.89, 4;
    %load/vec4 v0x557174ffc9c0_0;
    %parti/s 1, 0, 2;
    %load/vec4 v0x557174ffba60_0;
    %parti/s 16, 0, 2;
    %concat/vec4; draw_concat_vec4
    %store/vec4 v0x557174ffa5f0_0, 0, 17;
    %jmp T_16.90;
T_16.89 ;
    %load/vec4 v0x557174ffbe10_0;
    %pad/u 32;
    %cmpi/e 3, 0, 32;
    %jmp/0xz  T_16.91, 4;
    %load/vec4 v0x557174ffc9c0_0;
    %pad/u 17;
    %store/vec4 v0x557174ffa970_0, 0, 17;
    %jmp T_16.92;
T_16.91 ;
    %load/vec4 v0x557174ffc9c0_0;
    %load/vec4 v0x557174ffbfd0_0;
    %parti/s 8, 0, 2;
    %concat/vec4; draw_concat_vec4
    %concati/vec4 0, 0, 1;
    %store/vec4 v0x557174ffa970_0, 0, 17;
    %load/vec4 v0x557174ffa970_0;
    %cmpi/ne 0, 0, 17;
    %flag_mov 8, 4;
    %jmp/0 T_16.93, 8;
    %pushi/vec4 10, 0, 5;
    %jmp/1 T_16.94, 8;
T_16.93 ; End of true expr.
    %pushi/vec4 1, 0, 5;
    %jmp/0 T_16.94, 8;
 ; End of false expr.
    %blend;
T_16.94;
    %store/vec4 v0x557174ffad90_0, 0, 5;
T_16.92 ;
T_16.90 ;
T_16.88 ;
T_16.86 ;
T_16.83 ;
    %jmp T_16.32;
T_16.29 ;
    %load/vec4 v0x557174ffbfd0_0;
    %parti/s 1, 0, 2;
    %inv;
    %flag_set/vec4 8;
    %jmp/0xz  T_16.95, 8;
    %load/vec4 v0x557174ffbfd0_0;
    %subi 1, 0, 17;
    %store/vec4 v0x557174ffa970_0, 0, 17;
    %jmp T_16.96;
T_16.95 ;
    %load/vec4 v0x557174ffcf30_0;
    %nor/r;
    %flag_set/vec4 8;
    %jmp/0xz  T_16.97, 8;
    %load/vec4 v0x557174ffbfd0_0;
    %subi 1, 0, 17;
    %store/vec4 v0x557174ffa970_0, 0, 17;
    %load/vec4 v0x557174ffc740_0;
    %store/vec4 v0x557174ffaf80_0, 0, 8;
    %pushi/vec4 1, 0, 1;
    %store/vec4 v0x557174ffb060_0, 0, 1;
    %load/vec4 v0x557174ffba60_0;
    %addi 1, 0, 17;
    %store/vec4 v0x557174ffa5f0_0, 0, 17;
    %load/vec4 v0x557174ffa970_0;
    %pad/u 32;
    %cmpi/e 0, 0, 32;
    %jmp/0xz  T_16.99, 4;
    %pushi/vec4 1, 0, 5;
    %store/vec4 v0x557174ffad90_0, 0, 5;
T_16.99 ;
T_16.97 ;
T_16.96 ;
    %jmp T_16.32;
T_16.30 ;
    %load/vec4 v0x557174ffcd50_0;
    %nor/r;
    %flag_set/vec4 8;
    %jmp/0xz  T_16.101, 8;
    %pushi/vec4 1, 0, 1;
    %store/vec4 v0x557174ffcad0_0, 0, 1;
    %load/vec4 v0x557174ffbe10_0;
    %addi 1, 0, 3;
    %store/vec4 v0x557174ffa7b0_0, 0, 3;
    %load/vec4 v0x557174ffbe10_0;
    %pad/u 32;
    %cmpi/e 0, 0, 32;
    %jmp/0xz  T_16.103, 4;
    %load/vec4 v0x557174ffc9c0_0;
    %pad/u 17;
    %store/vec4 v0x557174ffa5f0_0, 0, 17;
    %jmp T_16.104;
T_16.103 ;
    %load/vec4 v0x557174ffbe10_0;
    %pad/u 32;
    %cmpi/e 1, 0, 32;
    %jmp/0xz  T_16.105, 4;
    %pushi/vec4 0, 0, 1;
    %load/vec4 v0x557174ffc9c0_0;
    %concat/vec4; draw_concat_vec4
    %load/vec4 v0x557174ffba60_0;
    %parti/s 8, 0, 2;
    %concat/vec4; draw_concat_vec4
    %store/vec4 v0x557174ffa5f0_0, 0, 17;
    %jmp T_16.106;
T_16.105 ;
    %load/vec4 v0x557174ffbe10_0;
    %pad/u 32;
    %cmpi/e 2, 0, 32;
    %jmp/0xz  T_16.107, 4;
    %load/vec4 v0x557174ffc9c0_0;
    %parti/s 1, 0, 2;
    %load/vec4 v0x557174ffba60_0;
    %parti/s 16, 0, 2;
    %concat/vec4; draw_concat_vec4
    %store/vec4 v0x557174ffa5f0_0, 0, 17;
    %jmp T_16.108;
T_16.107 ;
    %load/vec4 v0x557174ffbe10_0;
    %pad/u 32;
    %cmpi/e 3, 0, 32;
    %jmp/0xz  T_16.109, 4;
    %load/vec4 v0x557174ffc9c0_0;
    %pad/u 17;
    %store/vec4 v0x557174ffa970_0, 0, 17;
    %jmp T_16.110;
T_16.109 ;
    %load/vec4 v0x557174ffc9c0_0;
    %load/vec4 v0x557174ffbfd0_0;
    %parti/s 8, 0, 2;
    %concat/vec4; draw_concat_vec4
    %pad/u 17;
    %store/vec4 v0x557174ffa970_0, 0, 17;
    %load/vec4 v0x557174ffa970_0;
    %cmpi/ne 0, 0, 17;
    %flag_mov 8, 4;
    %jmp/0 T_16.111, 8;
    %pushi/vec4 12, 0, 5;
    %jmp/1 T_16.112, 8;
T_16.111 ; End of true expr.
    %pushi/vec4 1, 0, 5;
    %jmp/0 T_16.112, 8;
 ; End of false expr.
    %blend;
T_16.112;
    %store/vec4 v0x557174ffad90_0, 0, 5;
T_16.110 ;
T_16.108 ;
T_16.106 ;
T_16.104 ;
T_16.101 ;
    %jmp T_16.32;
T_16.31 ;
    %load/vec4 v0x557174ffcd50_0;
    %nor/r;
    %flag_set/vec4 8;
    %jmp/0xz  T_16.113, 8;
    %pushi/vec4 1, 0, 1;
    %store/vec4 v0x557174ffcad0_0, 0, 1;
    %load/vec4 v0x557174ffbfd0_0;
    %subi 1, 0, 17;
    %store/vec4 v0x557174ffa970_0, 0, 17;
    %load/vec4 v0x557174ffba60_0;
    %addi 1, 0, 17;
    %store/vec4 v0x557174ffa5f0_0, 0, 17;
    %pushi/vec4 1, 0, 1;
    %store/vec4 v0x557174ffc900_0, 0, 1;
    %load/vec4 v0x557174ffa970_0;
    %pad/u 32;
    %cmpi/e 0, 0, 32;
    %jmp/0xz  T_16.115, 4;
    %pushi/vec4 1, 0, 5;
    %store/vec4 v0x557174ffad90_0, 0, 5;
T_16.115 ;
T_16.113 ;
    %jmp T_16.32;
T_16.32 ;
    %pop/vec4 1;
T_16.3 ;
    %jmp T_16;
    .thread T_16, $push;
    .scope S_0x557174f96ce0;
T_17 ;
    %wait E_0x557174ebab90;
    %load/vec4 v0x557174fffdd0_0;
    %flag_set/vec4 8;
    %jmp/0xz  T_17.0, 8;
    %pushi/vec4 1, 0, 1;
    %assign/vec4 v0x557175001600_0, 0;
    %pushi/vec4 1, 0, 1;
    %assign/vec4 v0x5571750016a0_0, 0;
    %jmp T_17.1;
T_17.0 ;
    %pushi/vec4 0, 0, 1;
    %assign/vec4 v0x5571750016a0_0, 0;
    %load/vec4 v0x5571750016a0_0;
    %assign/vec4 v0x557175001600_0, 0;
T_17.1 ;
    %jmp T_17;
    .thread T_17;
    .scope S_0x557174f96ce0;
T_18 ;
    %wait E_0x557174fd69b0;
    %load/vec4 v0x557175000b20_0;
    %assign/vec4 v0x557175001300_0, 0;
    %jmp T_18;
    .thread T_18;
# The file index is used to find the file name in the following table.
:file_names 13;
    "N/A";
    "<interactive>";
    "common/block_ram/block_ram.v";
    "if.v";
    "riscv_top.v";
    "cpu.v";
    "hci.v";
    "common/fifo/fifo.v";
    "common/uart/uart.v";
    "common/uart/uart_baud_clk.v";
    "common/uart/uart_rx.v";
    "common/uart/uart_tx.v";
    "ram.v";
